<?xml version="1.0" encoding="UTF-8"?>
<coverage generated="1781963634930" clover="3.2.0">
  <project timestamp="1781963634930" name="All files">
    <metrics statements="1457" coveredstatements="1412" conditionals="213" coveredconditionals="172" methods="70" coveredmethods="67" elements="1740" coveredelements="1651" complexity="0" loc="1457" ncloc="1457" packages="3" files="9" classes="9"/>
    <package name="src">
      <metrics statements="577" coveredstatements="564" conditionals="38" coveredconditionals="27" methods="26" coveredmethods="23"/>
      <file name="calculator-configs.ts" path="/workspace/packages/options-core/src/calculator-configs.ts">
        <metrics statements="424" coveredstatements="424" conditionals="38" coveredconditionals="27" methods="23" coveredmethods="23"/>
        <line num="2" count="1" type="stmt"/>
        <line num="38" count="159" type="cond" truecount="1" falsecount="0"/>
        <line num="39" count="159" type="stmt"/>
        <line num="40" count="159" type="cond" truecount="2" falsecount="0"/>
        <line num="41" count="159" type="stmt"/>
        <line num="43" count="15" type="cond" truecount="1" falsecount="0"/>
        <line num="44" count="15" type="stmt"/>
        <line num="45" count="15" type="stmt"/>
        <line num="46" count="15" type="stmt"/>
        <line num="47" count="15" type="stmt"/>
        <line num="48" count="15" type="stmt"/>
        <line num="49" count="15" type="stmt"/>
        <line num="50" count="15" type="stmt"/>
        <line num="51" count="15" type="stmt"/>
        <line num="52" count="15" type="stmt"/>
        <line num="53" count="15" type="stmt"/>
        <line num="54" count="1" type="stmt"/>
        <line num="55" count="1" type="stmt"/>
        <line num="56" count="1" type="stmt"/>
        <line num="57" count="1" type="stmt"/>
        <line num="58" count="1" type="stmt"/>
        <line num="59" count="1" type="stmt"/>
        <line num="60" count="1" type="stmt"/>
        <line num="61" count="1" type="stmt"/>
        <line num="62" count="1" type="stmt"/>
        <line num="63" count="1" type="stmt"/>
        <line num="64" count="1" type="stmt"/>
        <line num="65" count="1" type="stmt"/>
        <line num="66" count="1" type="cond" truecount="1" falsecount="0"/>
        <line num="67" count="1" type="stmt"/>
        <line num="68" count="1" type="stmt"/>
        <line num="69" count="1" type="stmt"/>
        <line num="70" count="1" type="stmt"/>
        <line num="71" count="1" type="stmt"/>
        <line num="72" count="1" type="stmt"/>
        <line num="73" count="1" type="stmt"/>
        <line num="74" count="1" type="stmt"/>
        <line num="75" count="1" type="stmt"/>
        <line num="76" count="1" type="stmt"/>
        <line num="77" count="1" type="stmt"/>
        <line num="78" count="1" type="stmt"/>
        <line num="79" count="1" type="stmt"/>
        <line num="80" count="1" type="cond" truecount="1" falsecount="0"/>
        <line num="81" count="1" type="stmt"/>
        <line num="82" count="1" type="stmt"/>
        <line num="83" count="1" type="stmt"/>
        <line num="84" count="1" type="stmt"/>
        <line num="85" count="1" type="stmt"/>
        <line num="86" count="1" type="stmt"/>
        <line num="87" count="1" type="stmt"/>
        <line num="88" count="1" type="stmt"/>
        <line num="89" count="1" type="stmt"/>
        <line num="90" count="1" type="stmt"/>
        <line num="91" count="1" type="stmt"/>
        <line num="92" count="1" type="stmt"/>
        <line num="93" count="1" type="stmt"/>
        <line num="94" count="1" type="cond" truecount="1" falsecount="0"/>
        <line num="95" count="1" type="stmt"/>
        <line num="96" count="1" type="stmt"/>
        <line num="97" count="1" type="stmt"/>
        <line num="98" count="1" type="stmt"/>
        <line num="99" count="1" type="stmt"/>
        <line num="100" count="1" type="stmt"/>
        <line num="101" count="1" type="stmt"/>
        <line num="102" count="1" type="stmt"/>
        <line num="103" count="1" type="stmt"/>
        <line num="104" count="1" type="stmt"/>
        <line num="105" count="1" type="stmt"/>
        <line num="106" count="1" type="stmt"/>
        <line num="107" count="1" type="stmt"/>
        <line num="108" count="1" type="cond" truecount="1" falsecount="0"/>
        <line num="109" count="1" type="stmt"/>
        <line num="110" count="1" type="stmt"/>
        <line num="111" count="1" type="stmt"/>
        <line num="112" count="1" type="stmt"/>
        <line num="113" count="1" type="stmt"/>
        <line num="114" count="1" type="stmt"/>
        <line num="115" count="1" type="stmt"/>
        <line num="116" count="1" type="stmt"/>
        <line num="117" count="1" type="stmt"/>
        <line num="118" count="1" type="stmt"/>
        <line num="119" count="1" type="stmt"/>
        <line num="120" count="1" type="stmt"/>
        <line num="121" count="1" type="stmt"/>
        <line num="122" count="1" type="cond" truecount="1" falsecount="0"/>
        <line num="123" count="1" type="stmt"/>
        <line num="124" count="1" type="stmt"/>
        <line num="125" count="1" type="stmt"/>
        <line num="126" count="1" type="stmt"/>
        <line num="127" count="1" type="stmt"/>
        <line num="128" count="1" type="stmt"/>
        <line num="129" count="1" type="stmt"/>
        <line num="130" count="1" type="stmt"/>
        <line num="131" count="1" type="stmt"/>
        <line num="132" count="1" type="stmt"/>
        <line num="133" count="1" type="stmt"/>
        <line num="134" count="1" type="stmt"/>
        <line num="135" count="1" type="stmt"/>
        <line num="136" count="1" type="stmt"/>
        <line num="137" count="1" type="stmt"/>
        <line num="138" count="1" type="stmt"/>
        <line num="139" count="1" type="stmt"/>
        <line num="140" count="1" type="stmt"/>
        <line num="141" count="1" type="cond" truecount="1" falsecount="0"/>
        <line num="142" count="1" type="stmt"/>
        <line num="143" count="1" type="stmt"/>
        <line num="144" count="1" type="stmt"/>
        <line num="145" count="1" type="stmt"/>
        <line num="146" count="1" type="stmt"/>
        <line num="147" count="1" type="stmt"/>
        <line num="148" count="1" type="stmt"/>
        <line num="149" count="1" type="stmt"/>
        <line num="150" count="1" type="stmt"/>
        <line num="151" count="1" type="stmt"/>
        <line num="152" count="1" type="stmt"/>
        <line num="153" count="1" type="stmt"/>
        <line num="154" count="1" type="stmt"/>
        <line num="155" count="1" type="stmt"/>
        <line num="156" count="1" type="stmt"/>
        <line num="157" count="1" type="stmt"/>
        <line num="158" count="1" type="stmt"/>
        <line num="159" count="1" type="stmt"/>
        <line num="160" count="1" type="cond" truecount="1" falsecount="0"/>
        <line num="161" count="1" type="stmt"/>
        <line num="162" count="1" type="stmt"/>
        <line num="163" count="1" type="stmt"/>
        <line num="164" count="1" type="stmt"/>
        <line num="165" count="1" type="stmt"/>
        <line num="166" count="1" type="stmt"/>
        <line num="167" count="1" type="stmt"/>
        <line num="168" count="1" type="stmt"/>
        <line num="169" count="1" type="stmt"/>
        <line num="170" count="1" type="stmt"/>
        <line num="171" count="1" type="stmt"/>
        <line num="172" count="1" type="stmt"/>
        <line num="173" count="1" type="stmt"/>
        <line num="174" count="1" type="stmt"/>
        <line num="175" count="1" type="stmt"/>
        <line num="176" count="1" type="stmt"/>
        <line num="177" count="1" type="stmt"/>
        <line num="178" count="1" type="stmt"/>
        <line num="179" count="1" type="cond" truecount="1" falsecount="0"/>
        <line num="180" count="1" type="stmt"/>
        <line num="181" count="1" type="stmt"/>
        <line num="182" count="1" type="stmt"/>
        <line num="183" count="1" type="stmt"/>
        <line num="184" count="1" type="stmt"/>
        <line num="185" count="1" type="stmt"/>
        <line num="186" count="1" type="stmt"/>
        <line num="187" count="1" type="stmt"/>
        <line num="188" count="1" type="stmt"/>
        <line num="189" count="1" type="stmt"/>
        <line num="190" count="1" type="stmt"/>
        <line num="191" count="1" type="stmt"/>
        <line num="192" count="1" type="stmt"/>
        <line num="193" count="1" type="stmt"/>
        <line num="194" count="1" type="stmt"/>
        <line num="195" count="1" type="stmt"/>
        <line num="196" count="1" type="stmt"/>
        <line num="197" count="1" type="stmt"/>
        <line num="198" count="1" type="cond" truecount="1" falsecount="0"/>
        <line num="199" count="1" type="stmt"/>
        <line num="200" count="1" type="stmt"/>
        <line num="201" count="1" type="stmt"/>
        <line num="202" count="1" type="stmt"/>
        <line num="203" count="1" type="stmt"/>
        <line num="204" count="1" type="stmt"/>
        <line num="205" count="1" type="stmt"/>
        <line num="206" count="1" type="stmt"/>
        <line num="207" count="1" type="stmt"/>
        <line num="208" count="1" type="stmt"/>
        <line num="209" count="1" type="stmt"/>
        <line num="210" count="1" type="stmt"/>
        <line num="211" count="1" type="stmt"/>
        <line num="212" count="1" type="stmt"/>
        <line num="213" count="1" type="stmt"/>
        <line num="214" count="1" type="stmt"/>
        <line num="215" count="1" type="cond" truecount="1" falsecount="0"/>
        <line num="216" count="1" type="stmt"/>
        <line num="217" count="1" type="stmt"/>
        <line num="218" count="1" type="stmt"/>
        <line num="219" count="1" type="stmt"/>
        <line num="220" count="1" type="stmt"/>
        <line num="221" count="1" type="stmt"/>
        <line num="222" count="1" type="stmt"/>
        <line num="223" count="1" type="stmt"/>
        <line num="224" count="1" type="stmt"/>
        <line num="225" count="1" type="stmt"/>
        <line num="226" count="1" type="stmt"/>
        <line num="227" count="1" type="stmt"/>
        <line num="228" count="1" type="stmt"/>
        <line num="229" count="1" type="stmt"/>
        <line num="230" count="1" type="cond" truecount="1" falsecount="0"/>
        <line num="231" count="1" type="stmt"/>
        <line num="232" count="1" type="stmt"/>
        <line num="233" count="1" type="stmt"/>
        <line num="234" count="1" type="stmt"/>
        <line num="235" count="1" type="stmt"/>
        <line num="236" count="1" type="stmt"/>
        <line num="237" count="1" type="stmt"/>
        <line num="238" count="1" type="stmt"/>
        <line num="239" count="1" type="stmt"/>
        <line num="240" count="1" type="stmt"/>
        <line num="241" count="1" type="stmt"/>
        <line num="242" count="1" type="stmt"/>
        <line num="243" count="1" type="stmt"/>
        <line num="244" count="1" type="stmt"/>
        <line num="245" count="1" type="stmt"/>
        <line num="246" count="1" type="stmt"/>
        <line num="247" count="1" type="stmt"/>
        <line num="248" count="1" type="stmt"/>
        <line num="249" count="1" type="stmt"/>
        <line num="250" count="1" type="cond" truecount="1" falsecount="0"/>
        <line num="251" count="1" type="stmt"/>
        <line num="252" count="1" type="stmt"/>
        <line num="253" count="1" type="stmt"/>
        <line num="254" count="1" type="cond" truecount="0" falsecount="1"/>
        <line num="255" count="1" type="stmt"/>
        <line num="256" count="1" type="stmt"/>
        <line num="257" count="1" type="stmt"/>
        <line num="258" count="1" type="stmt"/>
        <line num="259" count="1" type="stmt"/>
        <line num="260" count="1" type="stmt"/>
        <line num="261" count="1" type="stmt"/>
        <line num="262" count="1" type="stmt"/>
        <line num="263" count="1" type="stmt"/>
        <line num="264" count="1" type="stmt"/>
        <line num="265" count="1" type="stmt"/>
        <line num="266" count="1" type="stmt"/>
        <line num="267" count="1" type="stmt"/>
        <line num="268" count="1" type="stmt"/>
        <line num="269" count="1" type="cond" truecount="1" falsecount="0"/>
        <line num="270" count="1" type="stmt"/>
        <line num="271" count="1" type="stmt"/>
        <line num="272" count="1" type="stmt"/>
        <line num="273" count="1" type="stmt"/>
        <line num="274" count="1" type="cond" truecount="0" falsecount="1"/>
        <line num="275" count="1" type="stmt"/>
        <line num="276" count="1" type="stmt"/>
        <line num="277" count="1" type="stmt"/>
        <line num="278" count="1" type="stmt"/>
        <line num="279" count="1" type="stmt"/>
        <line num="280" count="1" type="stmt"/>
        <line num="281" count="1" type="stmt"/>
        <line num="282" count="1" type="stmt"/>
        <line num="283" count="1" type="stmt"/>
        <line num="284" count="1" type="stmt"/>
        <line num="285" count="1" type="stmt"/>
        <line num="286" count="1" type="stmt"/>
        <line num="287" count="1" type="stmt"/>
        <line num="288" count="1" type="stmt"/>
        <line num="289" count="1" type="stmt"/>
        <line num="290" count="1" type="cond" truecount="1" falsecount="0"/>
        <line num="291" count="1" type="stmt"/>
        <line num="292" count="1" type="stmt"/>
        <line num="293" count="1" type="stmt"/>
        <line num="294" count="1" type="stmt"/>
        <line num="295" count="1" type="stmt"/>
        <line num="296" count="1" type="stmt"/>
        <line num="297" count="1" type="stmt"/>
        <line num="298" count="1" type="stmt"/>
        <line num="299" count="1" type="stmt"/>
        <line num="300" count="1" type="stmt"/>
        <line num="301" count="1" type="stmt"/>
        <line num="302" count="1" type="stmt"/>
        <line num="303" count="1" type="stmt"/>
        <line num="304" count="1" type="stmt"/>
        <line num="305" count="1" type="stmt"/>
        <line num="306" count="1" type="stmt"/>
        <line num="307" count="1" type="stmt"/>
        <line num="308" count="1" type="stmt"/>
        <line num="309" count="1" type="stmt"/>
        <line num="310" count="1" type="stmt"/>
        <line num="311" count="1" type="stmt"/>
        <line num="312" count="1" type="stmt"/>
        <line num="313" count="1" type="cond" truecount="1" falsecount="0"/>
        <line num="314" count="1" type="stmt"/>
        <line num="315" count="1" type="stmt"/>
        <line num="316" count="1" type="stmt"/>
        <line num="317" count="1" type="stmt"/>
        <line num="318" count="1" type="stmt"/>
        <line num="319" count="1" type="stmt"/>
        <line num="320" count="1" type="stmt"/>
        <line num="321" count="1" type="stmt"/>
        <line num="322" count="1" type="stmt"/>
        <line num="323" count="1" type="stmt"/>
        <line num="324" count="1" type="stmt"/>
        <line num="325" count="1" type="stmt"/>
        <line num="326" count="1" type="stmt"/>
        <line num="327" count="1" type="stmt"/>
        <line num="328" count="1" type="stmt"/>
        <line num="329" count="1" type="stmt"/>
        <line num="330" count="1" type="stmt"/>
        <line num="331" count="1" type="stmt"/>
        <line num="332" count="1" type="stmt"/>
        <line num="333" count="1" type="stmt"/>
        <line num="334" count="1" type="cond" truecount="1" falsecount="0"/>
        <line num="335" count="2" type="stmt"/>
        <line num="336" count="2" type="stmt"/>
        <line num="337" count="2" type="stmt"/>
        <line num="338" count="2" type="stmt"/>
        <line num="339" count="2" type="stmt"/>
        <line num="340" count="2" type="stmt"/>
        <line num="341" count="2" type="stmt"/>
        <line num="342" count="2" type="cond" truecount="0" falsecount="1"/>
        <line num="343" count="2" type="stmt"/>
        <line num="344" count="2" type="stmt"/>
        <line num="345" count="2" type="stmt"/>
        <line num="346" count="2" type="stmt"/>
        <line num="347" count="2" type="stmt"/>
        <line num="348" count="2" type="stmt"/>
        <line num="349" count="2" type="stmt"/>
        <line num="350" count="2" type="stmt"/>
        <line num="351" count="2" type="stmt"/>
        <line num="352" count="2" type="stmt"/>
        <line num="353" count="2" type="stmt"/>
        <line num="354" count="2" type="stmt"/>
        <line num="355" count="2" type="stmt"/>
        <line num="356" count="2" type="stmt"/>
        <line num="357" count="1" type="stmt"/>
        <line num="358" count="1" type="stmt"/>
        <line num="359" count="1" type="stmt"/>
        <line num="360" count="1" type="stmt"/>
        <line num="361" count="1" type="stmt"/>
        <line num="362" count="1" type="stmt"/>
        <line num="363" count="1" type="stmt"/>
        <line num="364" count="1" type="stmt"/>
        <line num="365" count="1" type="stmt"/>
        <line num="366" count="1" type="stmt"/>
        <line num="367" count="1" type="stmt"/>
        <line num="368" count="1" type="stmt"/>
        <line num="369" count="1" type="cond" truecount="1" falsecount="0"/>
        <line num="370" count="2" type="stmt"/>
        <line num="371" count="2" type="cond" truecount="0" falsecount="1"/>
        <line num="372" count="2" type="stmt"/>
        <line num="373" count="2" type="stmt"/>
        <line num="374" count="2" type="stmt"/>
        <line num="375" count="2" type="stmt"/>
        <line num="376" count="2" type="stmt"/>
        <line num="377" count="2" type="stmt"/>
        <line num="378" count="2" type="stmt"/>
        <line num="379" count="2" type="stmt"/>
        <line num="380" count="2" type="stmt"/>
        <line num="381" count="2" type="stmt"/>
        <line num="382" count="2" type="stmt"/>
        <line num="383" count="2" type="stmt"/>
        <line num="384" count="2" type="stmt"/>
        <line num="385" count="2" type="stmt"/>
        <line num="386" count="2" type="stmt"/>
        <line num="387" count="2" type="stmt"/>
        <line num="388" count="2" type="stmt"/>
        <line num="389" count="1" type="stmt"/>
        <line num="390" count="1" type="stmt"/>
        <line num="391" count="1" type="stmt"/>
        <line num="392" count="1" type="stmt"/>
        <line num="393" count="1" type="stmt"/>
        <line num="394" count="1" type="stmt"/>
        <line num="395" count="1" type="stmt"/>
        <line num="396" count="1" type="stmt"/>
        <line num="397" count="1" type="stmt"/>
        <line num="398" count="1" type="stmt"/>
        <line num="399" count="1" type="stmt"/>
        <line num="400" count="1" type="stmt"/>
        <line num="401" count="1" type="cond" truecount="1" falsecount="0"/>
        <line num="402" count="2" type="stmt"/>
        <line num="403" count="2" type="cond" truecount="0" falsecount="1"/>
        <line num="404" count="2" type="stmt"/>
        <line num="405" count="2" type="stmt"/>
        <line num="406" count="2" type="stmt"/>
        <line num="407" count="2" type="stmt"/>
        <line num="408" count="2" type="stmt"/>
        <line num="409" count="2" type="stmt"/>
        <line num="410" count="2" type="stmt"/>
        <line num="411" count="2" type="stmt"/>
        <line num="412" count="2" type="cond" truecount="0" falsecount="1"/>
        <line num="413" count="2" type="cond" truecount="0" falsecount="1"/>
        <line num="414" count="2" type="stmt"/>
        <line num="415" count="2" type="cond" truecount="0" falsecount="1"/>
        <line num="416" count="2" type="cond" truecount="0" falsecount="1"/>
        <line num="417" count="2" type="stmt"/>
        <line num="418" count="2" type="cond" truecount="1" falsecount="0"/>
        <line num="419" count="2" type="stmt"/>
        <line num="420" count="2" type="stmt"/>
        <line num="421" count="1" type="stmt"/>
        <line num="422" count="1" type="stmt"/>
        <line num="423" count="1" type="stmt"/>
        <line num="424" count="1" type="stmt"/>
        <line num="425" count="1" type="stmt"/>
        <line num="426" count="1" type="stmt"/>
        <line num="427" count="1" type="stmt"/>
        <line num="428" count="1" type="stmt"/>
        <line num="429" count="1" type="stmt"/>
        <line num="430" count="1" type="cond" truecount="1" falsecount="0"/>
        <line num="431" count="2" type="stmt"/>
        <line num="432" count="2" type="stmt"/>
        <line num="433" count="2" type="stmt"/>
        <line num="434" count="2" type="stmt"/>
        <line num="435" count="2" type="stmt"/>
        <line num="436" count="2" type="stmt"/>
        <line num="437" count="2" type="stmt"/>
        <line num="438" count="2" type="stmt"/>
        <line num="439" count="2" type="stmt"/>
        <line num="440" count="2" type="stmt"/>
        <line num="441" count="2" type="stmt"/>
        <line num="442" count="2" type="stmt"/>
        <line num="443" count="2" type="stmt"/>
        <line num="444" count="2" type="stmt"/>
        <line num="445" count="2" type="stmt"/>
        <line num="446" count="2" type="stmt"/>
        <line num="447" count="1" type="stmt"/>
        <line num="448" count="1" type="stmt"/>
        <line num="450" count="1" type="cond" truecount="1" falsecount="0"/>
        <line num="451" count="23" type="stmt"/>
        <line num="452" count="23" type="cond" truecount="0" falsecount="1"/>
        <line num="453" count="23" type="cond" truecount="1" falsecount="0"/>
        <line num="454" count="23" type="stmt"/>
        <line num="456" count="1" type="cond" truecount="1" falsecount="0"/>
        <line num="457" count="23" type="stmt"/>
        <line num="458" count="23" type="stmt"/>
        <line num="459" count="23" type="stmt"/>
        <line num="460" count="23" type="stmt"/>
        <line num="461" count="23" type="cond" truecount="0" falsecount="1"/>
        <line num="462" count="23" type="stmt"/>
        <line num="463" count="23" type="stmt"/>
      </file>
      <file name="catalog.ts" path="/workspace/packages/options-core/src/catalog.ts">
        <metrics statements="146" coveredstatements="133" conditionals="0" coveredconditionals="0" methods="3" coveredmethods="0"/>
        <line num="3" count="1" type="stmt"/>
        <line num="4" count="1" type="stmt"/>
        <line num="5" count="1" type="stmt"/>
        <line num="6" count="1" type="stmt"/>
        <line num="7" count="1" type="stmt"/>
        <line num="8" count="1" type="stmt"/>
        <line num="9" count="1" type="stmt"/>
        <line num="10" count="1" type="stmt"/>
        <line num="11" count="1" type="stmt"/>
        <line num="12" count="1" type="stmt"/>
        <line num="13" count="1" type="stmt"/>
        <line num="14" count="1" type="stmt"/>
        <line num="15" count="1" type="stmt"/>
        <line num="16" count="1" type="stmt"/>
        <line num="17" count="1" type="stmt"/>
        <line num="18" count="1" type="stmt"/>
        <line num="19" count="1" type="stmt"/>
        <line num="20" count="1" type="stmt"/>
        <line num="21" count="1" type="stmt"/>
        <line num="22" count="1" type="stmt"/>
        <line num="23" count="1" type="stmt"/>
        <line num="24" count="1" type="stmt"/>
        <line num="25" count="1" type="stmt"/>
        <line num="26" count="1" type="stmt"/>
        <line num="27" count="1" type="stmt"/>
        <line num="28" count="1" type="stmt"/>
        <line num="29" count="1" type="stmt"/>
        <line num="30" count="1" type="stmt"/>
        <line num="31" count="1" type="stmt"/>
        <line num="32" count="1" type="stmt"/>
        <line num="33" count="1" type="stmt"/>
        <line num="34" count="1" type="stmt"/>
        <line num="35" count="1" type="stmt"/>
        <line num="36" count="1" type="stmt"/>
        <line num="37" count="1" type="stmt"/>
        <line num="38" count="1" type="stmt"/>
        <line num="39" count="1" type="stmt"/>
        <line num="40" count="1" type="stmt"/>
        <line num="41" count="1" type="stmt"/>
        <line num="42" count="1" type="stmt"/>
        <line num="43" count="1" type="stmt"/>
        <line num="44" count="1" type="stmt"/>
        <line num="45" count="1" type="stmt"/>
        <line num="46" count="1" type="stmt"/>
        <line num="47" count="1" type="stmt"/>
        <line num="48" count="1" type="stmt"/>
        <line num="49" count="1" type="stmt"/>
        <line num="50" count="1" type="stmt"/>
        <line num="51" count="1" type="stmt"/>
        <line num="52" count="1" type="stmt"/>
        <line num="53" count="1" type="stmt"/>
        <line num="54" count="1" type="stmt"/>
        <line num="55" count="1" type="stmt"/>
        <line num="56" count="1" type="stmt"/>
        <line num="57" count="1" type="stmt"/>
        <line num="58" count="1" type="stmt"/>
        <line num="59" count="1" type="stmt"/>
        <line num="60" count="1" type="stmt"/>
        <line num="61" count="1" type="stmt"/>
        <line num="62" count="1" type="stmt"/>
        <line num="63" count="1" type="stmt"/>
        <line num="64" count="1" type="stmt"/>
        <line num="65" count="1" type="stmt"/>
        <line num="66" count="1" type="stmt"/>
        <line num="67" count="1" type="stmt"/>
        <line num="68" count="1" type="stmt"/>
        <line num="69" count="1" type="stmt"/>
        <line num="70" count="1" type="stmt"/>
        <line num="71" count="1" type="stmt"/>
        <line num="72" count="1" type="stmt"/>
        <line num="73" count="1" type="stmt"/>
        <line num="74" count="1" type="stmt"/>
        <line num="75" count="1" type="stmt"/>
        <line num="76" count="1" type="stmt"/>
        <line num="77" count="1" type="stmt"/>
        <line num="78" count="1" type="stmt"/>
        <line num="79" count="1" type="stmt"/>
        <line num="80" count="1" type="stmt"/>
        <line num="81" count="1" type="stmt"/>
        <line num="82" count="1" type="stmt"/>
        <line num="83" count="1" type="stmt"/>
        <line num="84" count="1" type="stmt"/>
        <line num="85" count="1" type="stmt"/>
        <line num="86" count="1" type="stmt"/>
        <line num="87" count="1" type="stmt"/>
        <line num="88" count="1" type="stmt"/>
        <line num="89" count="1" type="stmt"/>
        <line num="90" count="1" type="stmt"/>
        <line num="91" count="1" type="stmt"/>
        <line num="92" count="1" type="stmt"/>
        <line num="93" count="1" type="stmt"/>
        <line num="94" count="1" type="stmt"/>
        <line num="95" count="1" type="stmt"/>
        <line num="96" count="1" type="stmt"/>
        <line num="97" count="1" type="stmt"/>
        <line num="98" count="1" type="stmt"/>
        <line num="99" count="1" type="stmt"/>
        <line num="100" count="1" type="stmt"/>
        <line num="101" count="1" type="stmt"/>
        <line num="102" count="1" type="stmt"/>
        <line num="103" count="1" type="stmt"/>
        <line num="104" count="1" type="stmt"/>
        <line num="105" count="1" type="stmt"/>
        <line num="106" count="1" type="stmt"/>
        <line num="107" count="1" type="stmt"/>
        <line num="108" count="1" type="stmt"/>
        <line num="109" count="1" type="stmt"/>
        <line num="110" count="1" type="stmt"/>
        <line num="111" count="1" type="stmt"/>
        <line num="112" count="1" type="stmt"/>
        <line num="113" count="1" type="stmt"/>
        <line num="114" count="1" type="stmt"/>
        <line num="115" count="1" type="stmt"/>
        <line num="116" count="1" type="stmt"/>
        <line num="117" count="1" type="stmt"/>
        <line num="118" count="1" type="stmt"/>
        <line num="120" count="1" type="stmt"/>
        <line num="121" count="0" type="stmt"/>
        <line num="122" count="0" type="stmt"/>
        <line num="124" count="1" type="stmt"/>
        <line num="125" count="0" type="stmt"/>
        <line num="126" count="0" type="stmt"/>
        <line num="127" count="0" type="stmt"/>
        <line num="128" count="0" type="stmt"/>
        <line num="130" count="1" type="stmt"/>
        <line num="131" count="1" type="stmt"/>
        <line num="132" count="1" type="stmt"/>
        <line num="133" count="1" type="stmt"/>
        <line num="134" count="1" type="stmt"/>
        <line num="135" count="1" type="stmt"/>
        <line num="136" count="1" type="stmt"/>
        <line num="138" count="1" type="stmt"/>
        <line num="139" count="1" type="stmt"/>
        <line num="140" count="1" type="stmt"/>
        <line num="141" count="1" type="stmt"/>
        <line num="142" count="1" type="stmt"/>
        <line num="143" count="1" type="stmt"/>
        <line num="144" count="1" type="stmt"/>
        <line num="146" count="1" type="stmt"/>
        <line num="150" count="0" type="stmt"/>
        <line num="151" count="0" type="stmt"/>
        <line num="152" count="0" type="stmt"/>
        <line num="153" count="0" type="stmt"/>
        <line num="154" count="0" type="stmt"/>
        <line num="155" count="0" type="stmt"/>
        <line num="156" count="0" type="stmt"/>
      </file>
      <file name="index.ts" path="/workspace/packages/options-core/src/index.ts">
        <metrics statements="7" coveredstatements="7" conditionals="0" coveredconditionals="0" methods="0" coveredmethods="0"/>
        <line num="1" count="1" type="stmt"/>
        <line num="2" count="1" type="stmt"/>
        <line num="3" count="1" type="stmt"/>
        <line num="4" count="1" type="stmt"/>
        <line num="5" count="1" type="stmt"/>
        <line num="6" count="1" type="stmt"/>
        <line num="7" count="1" type="stmt"/>
      </file>
      <file name="types.ts" path="/workspace/packages/options-core/src/types.ts">
        <metrics statements="0" coveredstatements="0" conditionals="0" coveredconditionals="0" methods="0" coveredmethods="0"/>
      </file>
    </package>
    <package name="src.math">
      <metrics statements="404" coveredstatements="378" conditionals="87" coveredconditionals="79" methods="23" coveredmethods="23"/>
      <file name="black-scholes.ts" path="/workspace/packages/options-core/src/math/black-scholes.ts">
        <metrics statements="143" coveredstatements="128" conditionals="31" coveredconditionals="29" methods="7" coveredmethods="7"/>
        <line num="2" count="1" type="stmt"/>
        <line num="4" count="595" type="cond" truecount="1" falsecount="0"/>
        <line num="5" count="595" type="stmt"/>
        <line num="6" count="595" type="stmt"/>
        <line num="7" count="595" type="stmt"/>
        <line num="8" count="595" type="stmt"/>
        <line num="9" count="595" type="stmt"/>
        <line num="10" count="595" type="stmt"/>
        <line num="11" count="595" type="cond" truecount="2" falsecount="0"/>
        <line num="12" count="595" type="cond" truecount="2" falsecount="0"/>
        <line num="13" count="595" type="cond" truecount="2" falsecount="0"/>
        <line num="14" count="595" type="cond" truecount="2" falsecount="0"/>
        <line num="15" count="595" type="cond" truecount="1" falsecount="0"/>
        <line num="16" count="595" type="stmt"/>
        <line num="18" count="1" type="cond" truecount="1" falsecount="0"/>
        <line num="19" count="426" type="stmt"/>
        <line num="20" count="426" type="stmt"/>
        <line num="21" count="426" type="stmt"/>
        <line num="22" count="426" type="stmt"/>
        <line num="23" count="426" type="stmt"/>
        <line num="24" count="426" type="stmt"/>
        <line num="25" count="426" type="stmt"/>
        <line num="26" count="426" type="stmt"/>
        <line num="27" count="426" type="stmt"/>
        <line num="28" count="426" type="stmt"/>
        <line num="29" count="426" type="stmt"/>
        <line num="30" count="426" type="stmt"/>
        <line num="32" count="426" type="cond" truecount="2" falsecount="0"/>
        <line num="34" count="414" type="stmt"/>
        <line num="35" count="414" type="stmt"/>
        <line num="36" count="414" type="stmt"/>
        <line num="38" count="414" type="stmt"/>
        <line num="39" count="414" type="stmt"/>
        <line num="40" count="414" type="stmt"/>
        <line num="41" count="414" type="stmt"/>
        <line num="42" count="414" type="stmt"/>
        <line num="44" count="1" type="cond" truecount="1" falsecount="0"/>
        <line num="45" count="169" type="stmt"/>
        <line num="46" count="169" type="stmt"/>
        <line num="47" count="169" type="stmt"/>
        <line num="48" count="169" type="stmt"/>
        <line num="49" count="169" type="stmt"/>
        <line num="50" count="169" type="stmt"/>
        <line num="51" count="169" type="stmt"/>
        <line num="52" count="169" type="stmt"/>
        <line num="53" count="169" type="stmt"/>
        <line num="54" count="169" type="stmt"/>
        <line num="55" count="169" type="stmt"/>
        <line num="56" count="169" type="stmt"/>
        <line num="58" count="169" type="cond" truecount="2" falsecount="0"/>
        <line num="59" count="169" type="cond" truecount="1" falsecount="1"/>
        <line num="61" count="166" type="stmt"/>
        <line num="62" count="166" type="stmt"/>
        <line num="63" count="166" type="stmt"/>
        <line num="65" count="166" type="stmt"/>
        <line num="66" count="166" type="stmt"/>
        <line num="67" count="166" type="stmt"/>
        <line num="68" count="166" type="stmt"/>
        <line num="69" count="166" type="stmt"/>
        <line num="71" count="1" type="cond" truecount="1" falsecount="0"/>
        <line num="72" count="77" type="stmt"/>
        <line num="73" count="77" type="stmt"/>
        <line num="74" count="77" type="stmt"/>
        <line num="75" count="77" type="stmt"/>
        <line num="76" count="77" type="stmt"/>
        <line num="77" count="77" type="stmt"/>
        <line num="78" count="77" type="stmt"/>
        <line num="79" count="77" type="stmt"/>
        <line num="80" count="77" type="cond" truecount="1" falsecount="0"/>
        <line num="81" count="42" type="cond" truecount="1" falsecount="0"/>
        <line num="82" count="35" type="stmt"/>
        <line num="83" count="77" type="stmt"/>
        <line num="85" count="1" type="cond" truecount="1" falsecount="0"/>
        <line num="86" count="50" type="stmt"/>
        <line num="87" count="50" type="stmt"/>
        <line num="88" count="50" type="stmt"/>
        <line num="89" count="50" type="stmt"/>
        <line num="90" count="50" type="stmt"/>
        <line num="91" count="50" type="stmt"/>
        <line num="92" count="50" type="stmt"/>
        <line num="93" count="50" type="stmt"/>
        <line num="94" count="50" type="stmt"/>
        <line num="95" count="50" type="stmt"/>
        <line num="96" count="50" type="stmt"/>
        <line num="97" count="50" type="stmt"/>
        <line num="99" count="50" type="cond" truecount="0" falsecount="1"/>
        <line num="100" count="0" type="stmt"/>
        <line num="101" count="0" type="stmt"/>
        <line num="102" count="0" type="stmt"/>
        <line num="103" count="0" type="stmt"/>
        <line num="104" count="0" type="stmt"/>
        <line num="105" count="0" type="stmt"/>
        <line num="106" count="0" type="stmt"/>
        <line num="107" count="0" type="stmt"/>
        <line num="108" count="0" type="stmt"/>
        <line num="109" count="0" type="stmt"/>
        <line num="110" count="0" type="stmt"/>
        <line num="111" count="0" type="stmt"/>
        <line num="112" count="0" type="stmt"/>
        <line num="113" count="0" type="stmt"/>
        <line num="114" count="0" type="stmt"/>
        <line num="116" count="50" type="stmt"/>
        <line num="117" count="50" type="stmt"/>
        <line num="118" count="50" type="stmt"/>
        <line num="119" count="50" type="stmt"/>
        <line num="120" count="50" type="stmt"/>
        <line num="122" count="50" type="stmt"/>
        <line num="123" count="50" type="stmt"/>
        <line num="125" count="50" type="cond" truecount="1" falsecount="0"/>
        <line num="126" count="26" type="stmt"/>
        <line num="127" count="26" type="stmt"/>
        <line num="128" count="26" type="stmt"/>
        <line num="129" count="26" type="stmt"/>
        <line num="130" count="26" type="stmt"/>
        <line num="131" count="26" type="stmt"/>
        <line num="132" count="26" type="stmt"/>
        <line num="133" count="26" type="stmt"/>
        <line num="134" count="26" type="cond" truecount="1" falsecount="0"/>
        <line num="136" count="24" type="stmt"/>
        <line num="137" count="24" type="stmt"/>
        <line num="138" count="24" type="stmt"/>
        <line num="139" count="24" type="stmt"/>
        <line num="140" count="24" type="stmt"/>
        <line num="141" count="24" type="stmt"/>
        <line num="142" count="24" type="stmt"/>
        <line num="143" count="24" type="stmt"/>
        <line num="144" count="24" type="stmt"/>
        <line num="146" count="1" type="cond" truecount="1" falsecount="0"/>
        <line num="147" count="10575" type="cond" truecount="2" falsecount="0"/>
        <line num="148" count="10575" type="stmt"/>
        <line num="150" count="1" type="cond" truecount="1" falsecount="0"/>
        <line num="151" count="10572" type="stmt"/>
        <line num="152" count="10572" type="stmt"/>
        <line num="153" count="10572" type="stmt"/>
        <line num="154" count="10572" type="stmt"/>
        <line num="155" count="10572" type="stmt"/>
        <line num="156" count="10572" type="stmt"/>
        <line num="157" count="10572" type="stmt"/>
        <line num="158" count="10572" type="stmt"/>
        <line num="159" count="10572" type="stmt"/>
        <line num="160" count="10572" type="cond" truecount="2" falsecount="0"/>
        <line num="161" count="10572" type="stmt"/>
        <line num="162" count="10572" type="stmt"/>
      </file>
      <file name="curve.ts" path="/workspace/packages/options-core/src/math/curve.ts">
        <metrics statements="147" coveredstatements="138" conditionals="33" coveredconditionals="29" methods="9" coveredmethods="9"/>
        <line num="2" count="1" type="stmt"/>
        <line num="4" count="1" type="stmt"/>
        <line num="17" count="1" type="cond" truecount="1" falsecount="0"/>
        <line num="18" count="47" type="stmt"/>
        <line num="19" count="47" type="stmt"/>
        <line num="20" count="47" type="stmt"/>
        <line num="21" count="47" type="stmt"/>
        <line num="22" count="47" type="stmt"/>
        <line num="23" count="47" type="stmt"/>
        <line num="24" count="47" type="stmt"/>
        <line num="25" count="47" type="stmt"/>
        <line num="26" count="47" type="stmt"/>
        <line num="27" count="47" type="stmt"/>
        <line num="28" count="47" type="stmt"/>
        <line num="29" count="47" type="stmt"/>
        <line num="30" count="47" type="stmt"/>
        <line num="31" count="47" type="stmt"/>
        <line num="33" count="1" type="cond" truecount="1" falsecount="0"/>
        <line num="34" count="52" type="stmt"/>
        <line num="35" count="52" type="stmt"/>
        <line num="36" count="52" type="stmt"/>
        <line num="37" count="52" type="stmt"/>
        <line num="38" count="52" type="stmt"/>
        <line num="39" count="52" type="stmt"/>
        <line num="40" count="52" type="stmt"/>
        <line num="42" count="52" type="cond" truecount="1" falsecount="0"/>
        <line num="43" count="6190" type="stmt"/>
        <line num="44" count="6190" type="stmt"/>
        <line num="45" count="6190" type="stmt"/>
        <line num="46" count="6190" type="stmt"/>
        <line num="47" count="6190" type="stmt"/>
        <line num="48" count="6190" type="stmt"/>
        <line num="50" count="52" type="stmt"/>
        <line num="51" count="52" type="stmt"/>
        <line num="53" count="1" type="cond" truecount="1" falsecount="0"/>
        <line num="54" count="10560" type="stmt"/>
        <line num="55" count="10560" type="stmt"/>
        <line num="56" count="10560" type="stmt"/>
        <line num="57" count="10560" type="stmt"/>
        <line num="58" count="10560" type="stmt"/>
        <line num="59" count="10560" type="stmt"/>
        <line num="60" count="10560" type="stmt"/>
        <line num="61" count="10560" type="stmt"/>
        <line num="62" count="10560" type="cond" truecount="0" falsecount="1"/>
        <line num="63" count="10560" type="stmt"/>
        <line num="64" count="10560" type="stmt"/>
        <line num="65" count="10560" type="stmt"/>
        <line num="66" count="10560" type="stmt"/>
        <line num="67" count="10560" type="stmt"/>
        <line num="68" count="10560" type="stmt"/>
        <line num="69" count="10560" type="stmt"/>
        <line num="70" count="10560" type="stmt"/>
        <line num="71" count="10560" type="stmt"/>
        <line num="72" count="10560" type="cond" truecount="0" falsecount="1"/>
        <line num="74" count="0" type="stmt"/>
        <line num="75" count="0" type="stmt"/>
        <line num="76" count="0" type="stmt"/>
        <line num="77" count="0" type="stmt"/>
        <line num="78" count="0" type="stmt"/>
        <line num="79" count="0" type="stmt"/>
        <line num="80" count="0" type="stmt"/>
        <line num="81" count="0" type="stmt"/>
        <line num="82" count="0" type="stmt"/>
        <line num="84" count="10560" type="cond" truecount="0" falsecount="1"/>
        <line num="85" count="10560" type="stmt"/>
        <line num="86" count="10560" type="stmt"/>
        <line num="88" count="1" type="cond" truecount="1" falsecount="0"/>
        <line num="89" count="360" type="stmt"/>
        <line num="90" count="360" type="stmt"/>
        <line num="91" count="360" type="stmt"/>
        <line num="92" count="360" type="cond" truecount="0" falsecount="1"/>
        <line num="93" count="360" type="stmt"/>
        <line num="94" count="360" type="stmt"/>
        <line num="96" count="1" type="cond" truecount="1" falsecount="0"/>
        <line num="97" count="12" type="stmt"/>
        <line num="98" count="12" type="cond" truecount="1" falsecount="0"/>
        <line num="99" count="24" type="cond" truecount="2" falsecount="0"/>
        <line num="100" count="24" type="stmt"/>
        <line num="101" count="24" type="stmt"/>
        <line num="102" count="24" type="stmt"/>
        <line num="103" count="24" type="stmt"/>
        <line num="104" count="24" type="stmt"/>
        <line num="105" count="24" type="stmt"/>
        <line num="106" count="24" type="stmt"/>
        <line num="107" count="24" type="stmt"/>
        <line num="108" count="24" type="stmt"/>
        <line num="109" count="12" type="stmt"/>
        <line num="110" count="12" type="stmt"/>
        <line num="111" count="12" type="stmt"/>
        <line num="113" count="1" type="cond" truecount="1" falsecount="0"/>
        <line num="114" count="49" type="stmt"/>
        <line num="116" count="49" type="cond" truecount="1" falsecount="0"/>
        <line num="117" count="5891" type="stmt"/>
        <line num="118" count="5891" type="stmt"/>
        <line num="119" count="5891" type="cond" truecount="4" falsecount="0"/>
        <line num="120" count="64" type="stmt"/>
        <line num="121" count="64" type="stmt"/>
        <line num="122" count="64" type="stmt"/>
        <line num="123" count="64" type="stmt"/>
        <line num="124" count="5891" type="stmt"/>
        <line num="126" count="49" type="stmt"/>
        <line num="127" count="49" type="stmt"/>
        <line num="129" count="1" type="cond" truecount="1" falsecount="0"/>
        <line num="132" count="13" type="stmt"/>
        <line num="133" count="13" type="stmt"/>
        <line num="134" count="13" type="stmt"/>
        <line num="135" count="13" type="stmt"/>
        <line num="136" count="13" type="stmt"/>
        <line num="138" count="13" type="cond" truecount="1" falsecount="0"/>
        <line num="139" count="1520" type="cond" truecount="1" falsecount="0"/>
        <line num="140" count="258" type="stmt"/>
        <line num="141" count="258" type="stmt"/>
        <line num="142" count="258" type="stmt"/>
        <line num="143" count="1520" type="cond" truecount="1" falsecount="0"/>
        <line num="144" count="395" type="stmt"/>
        <line num="145" count="395" type="stmt"/>
        <line num="146" count="395" type="stmt"/>
        <line num="147" count="1520" type="stmt"/>
        <line num="149" count="13" type="stmt"/>
        <line num="150" count="13" type="stmt"/>
        <line num="151" count="13" type="stmt"/>
        <line num="152" count="13" type="cond" truecount="1" falsecount="0"/>
        <line num="153" count="4" type="stmt"/>
        <line num="154" count="13" type="stmt"/>
        <line num="156" count="13" type="stmt"/>
        <line num="157" count="13" type="cond" truecount="4" falsecount="0"/>
        <line num="158" count="13" type="cond" truecount="4" falsecount="0"/>
        <line num="159" count="13" type="stmt"/>
        <line num="160" count="13" type="stmt"/>
        <line num="162" count="1" type="cond" truecount="1" falsecount="0"/>
        <line num="163" count="39" type="stmt"/>
        <line num="164" count="39" type="stmt"/>
        <line num="165" count="39" type="stmt"/>
        <line num="166" count="39" type="stmt"/>
        <line num="167" count="39" type="stmt"/>
        <line num="168" count="39" type="stmt"/>
        <line num="169" count="39" type="stmt"/>
        <line num="170" count="39" type="stmt"/>
        <line num="171" count="39" type="stmt"/>
        <line num="172" count="39" type="stmt"/>
        <line num="173" count="39" type="stmt"/>
        <line num="174" count="39" type="stmt"/>
        <line num="175" count="39" type="stmt"/>
        <line num="176" count="39" type="stmt"/>
        <line num="177" count="39" type="stmt"/>
        <line num="178" count="39" type="stmt"/>
        <line num="179" count="39" type="stmt"/>
      </file>
      <file name="normal.ts" path="/workspace/packages/options-core/src/math/normal.ts">
        <metrics statements="32" coveredstatements="32" conditionals="6" coveredconditionals="6" methods="4" coveredmethods="4"/>
        <line num="2" count="1" type="cond" truecount="1" falsecount="0"/>
        <line num="3" count="1363" type="stmt"/>
        <line num="4" count="1363" type="stmt"/>
        <line num="5" count="1363" type="stmt"/>
        <line num="6" count="1363" type="stmt"/>
        <line num="7" count="1363" type="stmt"/>
        <line num="8" count="1363" type="stmt"/>
        <line num="9" count="1363" type="stmt"/>
        <line num="10" count="1363" type="cond" truecount="2" falsecount="0"/>
        <line num="11" count="1363" type="stmt"/>
        <line num="14" count="1" type="cond" truecount="1" falsecount="0"/>
        <line num="15" count="53" type="stmt"/>
        <line num="16" count="53" type="stmt"/>
        <line num="18" count="1" type="cond" truecount="1" falsecount="0"/>
        <line num="19" count="640" type="stmt"/>
        <line num="20" count="640" type="stmt"/>
        <line num="27" count="1" type="cond" truecount="1" falsecount="0"/>
        <line num="28" count="630" type="stmt"/>
        <line num="29" count="630" type="stmt"/>
        <line num="30" count="630" type="stmt"/>
        <line num="31" count="630" type="stmt"/>
        <line num="32" count="630" type="stmt"/>
        <line num="33" count="630" type="stmt"/>
        <line num="34" count="630" type="stmt"/>
        <line num="35" count="630" type="stmt"/>
        <line num="36" count="630" type="stmt"/>
        <line num="37" count="630" type="stmt"/>
        <line num="38" count="630" type="stmt"/>
        <line num="39" count="630" type="stmt"/>
        <line num="40" count="630" type="stmt"/>
        <line num="41" count="630" type="stmt"/>
        <line num="42" count="630" type="stmt"/>
      </file>
      <file name="volatility.ts" path="/workspace/packages/options-core/src/math/volatility.ts">
        <metrics statements="82" coveredstatements="80" conditionals="17" coveredconditionals="15" methods="3" coveredmethods="3"/>
        <line num="2" count="1" type="stmt"/>
        <line num="4" count="1" type="stmt"/>
        <line num="5" count="1" type="stmt"/>
        <line num="7" count="1" type="cond" truecount="1" falsecount="0"/>
        <line num="8" count="14" type="stmt"/>
        <line num="9" count="14" type="stmt"/>
        <line num="10" count="14" type="stmt"/>
        <line num="11" count="14" type="stmt"/>
        <line num="12" count="14" type="stmt"/>
        <line num="13" count="14" type="stmt"/>
        <line num="14" count="14" type="stmt"/>
        <line num="15" count="14" type="stmt"/>
        <line num="16" count="14" type="cond" truecount="2" falsecount="0"/>
        <line num="17" count="14" type="cond" truecount="2" falsecount="0"/>
        <line num="19" count="12" type="stmt"/>
        <line num="20" count="14" type="cond" truecount="2" falsecount="0"/>
        <line num="22" count="14" type="stmt"/>
        <line num="23" count="14" type="stmt"/>
        <line num="24" count="14" type="stmt"/>
        <line num="26" count="14" type="cond" truecount="1" falsecount="0"/>
        <line num="27" count="284" type="stmt"/>
        <line num="28" count="284" type="stmt"/>
        <line num="29" count="284" type="stmt"/>
        <line num="30" count="284" type="stmt"/>
        <line num="31" count="284" type="stmt"/>
        <line num="32" count="284" type="stmt"/>
        <line num="33" count="284" type="stmt"/>
        <line num="34" count="284" type="stmt"/>
        <line num="35" count="284" type="stmt"/>
        <line num="36" count="284" type="stmt"/>
        <line num="38" count="284" type="cond" truecount="1" falsecount="0"/>
        <line num="39" count="12" type="stmt"/>
        <line num="40" count="12" type="cond" truecount="1" falsecount="0"/>
        <line num="42" count="284" type="cond" truecount="1" falsecount="0"/>
        <line num="43" count="165" type="stmt"/>
        <line num="44" count="284" type="cond" truecount="1" falsecount="0"/>
        <line num="45" count="107" type="stmt"/>
        <line num="46" count="107" type="stmt"/>
        <line num="47" count="284" type="cond" truecount="0" falsecount="1"/>
        <line num="49" count="0" type="stmt"/>
        <line num="50" count="0" type="stmt"/>
        <line num="52" count="1" type="cond" truecount="1" falsecount="0"/>
        <line num="53" count="7" type="stmt"/>
        <line num="54" count="7" type="stmt"/>
        <line num="55" count="7" type="stmt"/>
        <line num="56" count="7" type="stmt"/>
        <line num="57" count="7" type="stmt"/>
        <line num="58" count="7" type="stmt"/>
        <line num="59" count="7" type="stmt"/>
        <line num="60" count="7" type="stmt"/>
        <line num="61" count="7" type="stmt"/>
        <line num="62" count="7" type="stmt"/>
        <line num="63" count="7" type="stmt"/>
        <line num="64" count="7" type="stmt"/>
        <line num="65" count="7" type="stmt"/>
        <line num="66" count="7" type="stmt"/>
        <line num="68" count="1" type="cond" truecount="1" falsecount="0"/>
        <line num="69" count="5" type="stmt"/>
        <line num="70" count="5" type="stmt"/>
        <line num="71" count="5" type="stmt"/>
        <line num="72" count="5" type="stmt"/>
        <line num="73" count="5" type="stmt"/>
        <line num="74" count="5" type="stmt"/>
        <line num="75" count="5" type="stmt"/>
        <line num="76" count="5" type="stmt"/>
        <line num="77" count="5" type="stmt"/>
        <line num="78" count="5" type="cond" truecount="0" falsecount="1"/>
        <line num="80" count="5" type="cond" truecount="1" falsecount="0"/>
        <line num="81" count="200" type="stmt"/>
        <line num="82" count="200" type="stmt"/>
        <line num="83" count="200" type="stmt"/>
        <line num="84" count="200" type="stmt"/>
        <line num="85" count="200" type="stmt"/>
        <line num="86" count="200" type="stmt"/>
        <line num="87" count="200" type="stmt"/>
        <line num="88" count="200" type="stmt"/>
        <line num="89" count="200" type="stmt"/>
        <line num="90" count="200" type="stmt"/>
        <line num="91" count="200" type="stmt"/>
        <line num="92" count="200" type="stmt"/>
        <line num="94" count="5" type="stmt"/>
        <line num="95" count="5" type="stmt"/>
      </file>
    </package>
    <package name="src.strategies">
      <metrics statements="476" coveredstatements="470" conditionals="88" coveredconditionals="66" methods="21" coveredmethods="21"/>
      <file name="index.ts" path="/workspace/packages/options-core/src/strategies/index.ts">
        <metrics statements="476" coveredstatements="470" conditionals="88" coveredconditionals="66" methods="21" coveredmethods="21"/>
        <line num="2" count="1" type="stmt"/>
        <line num="3" count="1" type="stmt"/>
        <line num="13" count="1" type="stmt"/>
        <line num="81" count="15" type="cond" truecount="1" falsecount="0"/>
        <line num="82" count="15" type="stmt"/>
        <line num="83" count="15" type="stmt"/>
        <line num="84" count="15" type="stmt"/>
        <line num="85" count="15" type="cond" truecount="3" falsecount="0"/>
        <line num="86" count="5" type="stmt"/>
        <line num="87" count="5" type="stmt"/>
        <line num="89" count="15" type="cond" truecount="0" falsecount="1"/>
        <line num="90" count="15" type="stmt"/>
        <line num="91" count="15" type="stmt"/>
        <line num="92" count="15" type="stmt"/>
        <line num="93" count="15" type="stmt"/>
        <line num="94" count="15" type="stmt"/>
        <line num="95" count="15" type="stmt"/>
        <line num="96" count="15" type="stmt"/>
        <line num="97" count="15" type="stmt"/>
        <line num="98" count="15" type="stmt"/>
        <line num="99" count="15" type="stmt"/>
        <line num="101" count="15" type="cond" truecount="1" falsecount="0"/>
        <line num="102" count="15" type="stmt"/>
        <line num="103" count="15" type="stmt"/>
        <line num="104" count="15" type="stmt"/>
        <line num="105" count="15" type="stmt"/>
        <line num="107" count="15" type="cond" truecount="1" falsecount="0"/>
        <line num="108" count="6" type="stmt"/>
        <line num="109" count="6" type="cond" truecount="1" falsecount="0"/>
        <line num="111" count="15" type="cond" truecount="1" falsecount="0"/>
        <line num="112" count="3" type="stmt"/>
        <line num="113" count="3" type="cond" truecount="1" falsecount="0"/>
        <line num="115" count="6" type="stmt"/>
        <line num="116" count="6" type="stmt"/>
        <line num="118" count="15" type="cond" truecount="1" falsecount="0"/>
        <line num="119" count="15" type="stmt"/>
        <line num="120" count="15" type="stmt"/>
        <line num="121" count="15" type="stmt"/>
        <line num="122" count="15" type="stmt"/>
        <line num="123" count="15" type="stmt"/>
        <line num="124" count="15" type="stmt"/>
        <line num="125" count="15" type="stmt"/>
        <line num="126" count="15" type="stmt"/>
        <line num="127" count="15" type="stmt"/>
        <line num="128" count="15" type="stmt"/>
        <line num="129" count="15" type="stmt"/>
        <line num="131" count="15" type="cond" truecount="1" falsecount="0"/>
        <line num="132" count="10" type="cond" truecount="1" falsecount="1"/>
        <line num="133" count="5" type="stmt"/>
        <line num="134" count="5" type="stmt"/>
        <line num="135" count="5" type="stmt"/>
        <line num="136" count="5" type="stmt"/>
        <line num="137" count="5" type="stmt"/>
        <line num="138" count="5" type="stmt"/>
        <line num="139" count="5" type="stmt"/>
        <line num="140" count="5" type="stmt"/>
        <line num="141" count="5" type="stmt"/>
        <line num="143" count="15" type="stmt"/>
        <line num="144" count="15" type="stmt"/>
        <line num="145" count="15" type="cond" truecount="1" falsecount="0"/>
        <line num="146" count="1800" type="stmt"/>
        <line num="147" count="1800" type="stmt"/>
        <line num="148" count="1800" type="stmt"/>
        <line num="149" count="1800" type="stmt"/>
        <line num="150" count="1800" type="stmt"/>
        <line num="151" count="1800" type="stmt"/>
        <line num="152" count="1800" type="stmt"/>
        <line num="153" count="1800" type="stmt"/>
        <line num="154" count="1800" type="stmt"/>
        <line num="155" count="15" type="stmt"/>
        <line num="156" count="15" type="stmt"/>
        <line num="157" count="15" type="stmt"/>
        <line num="159" count="15" type="stmt"/>
        <line num="160" count="15" type="stmt"/>
        <line num="161" count="15" type="stmt"/>
        <line num="162" count="15" type="stmt"/>
        <line num="163" count="15" type="stmt"/>
        <line num="164" count="15" type="stmt"/>
        <line num="165" count="15" type="stmt"/>
        <line num="166" count="15" type="stmt"/>
        <line num="167" count="15" type="stmt"/>
        <line num="168" count="15" type="cond" truecount="2" falsecount="0"/>
        <line num="170" count="15" type="stmt"/>
        <line num="171" count="15" type="stmt"/>
        <line num="172" count="15" type="stmt"/>
        <line num="173" count="15" type="stmt"/>
        <line num="174" count="15" type="stmt"/>
        <line num="175" count="15" type="cond" truecount="2" falsecount="0"/>
        <line num="176" count="15" type="stmt"/>
        <line num="177" count="15" type="stmt"/>
        <line num="178" count="15" type="stmt"/>
        <line num="179" count="15" type="stmt"/>
        <line num="180" count="15" type="stmt"/>
        <line num="181" count="15" type="stmt"/>
        <line num="182" count="15" type="stmt"/>
        <line num="184" count="15" type="cond" truecount="1" falsecount="0"/>
        <line num="185" count="15" type="stmt"/>
        <line num="186" count="15" type="stmt"/>
        <line num="187" count="15" type="stmt"/>
        <line num="188" count="15" type="stmt"/>
        <line num="189" count="15" type="stmt"/>
        <line num="190" count="15" type="stmt"/>
        <line num="191" count="15" type="stmt"/>
        <line num="192" count="15" type="stmt"/>
        <line num="194" count="12" type="cond" truecount="1" falsecount="0"/>
        <line num="195" count="12" type="stmt"/>
        <line num="196" count="12" type="stmt"/>
        <line num="197" count="12" type="stmt"/>
        <line num="198" count="12" type="stmt"/>
        <line num="199" count="12" type="stmt"/>
        <line num="200" count="12" type="cond" truecount="1" falsecount="0"/>
        <line num="201" count="4" type="cond" truecount="1" falsecount="1"/>
        <line num="202" count="8" type="stmt"/>
        <line num="203" count="8" type="stmt"/>
        <line num="204" count="8" type="stmt"/>
        <line num="205" count="8" type="stmt"/>
        <line num="206" count="8" type="stmt"/>
        <line num="207" count="8" type="cond" truecount="0" falsecount="1"/>
        <line num="208" count="8" type="stmt"/>
        <line num="209" count="8" type="stmt"/>
        <line num="210" count="8" type="stmt"/>
        <line num="212" count="12" type="stmt"/>
        <line num="213" count="12" type="cond" truecount="1" falsecount="0"/>
        <line num="214" count="4" type="cond" truecount="1" falsecount="1"/>
        <line num="215" count="8" type="stmt"/>
        <line num="216" count="8" type="stmt"/>
        <line num="217" count="8" type="stmt"/>
        <line num="218" count="8" type="stmt"/>
        <line num="219" count="8" type="stmt"/>
        <line num="220" count="8" type="cond" truecount="0" falsecount="1"/>
        <line num="221" count="8" type="stmt"/>
        <line num="222" count="8" type="stmt"/>
        <line num="223" count="8" type="stmt"/>
        <line num="225" count="12" type="stmt"/>
        <line num="226" count="12" type="stmt"/>
        <line num="227" count="12" type="stmt"/>
        <line num="228" count="12" type="cond" truecount="2" falsecount="0"/>
        <line num="230" count="12" type="stmt"/>
        <line num="231" count="12" type="stmt"/>
        <line num="232" count="12" type="stmt"/>
        <line num="233" count="12" type="stmt"/>
        <line num="234" count="12" type="stmt"/>
        <line num="235" count="12" type="stmt"/>
        <line num="236" count="12" type="stmt"/>
        <line num="237" count="12" type="stmt"/>
        <line num="238" count="12" type="stmt"/>
        <line num="239" count="12" type="stmt"/>
        <line num="240" count="12" type="stmt"/>
        <line num="241" count="12" type="stmt"/>
        <line num="242" count="12" type="stmt"/>
        <line num="243" count="12" type="stmt"/>
        <line num="245" count="12" type="cond" truecount="0" falsecount="1"/>
        <line num="246" count="12" type="stmt"/>
        <line num="247" count="12" type="cond" truecount="1" falsecount="0"/>
        <line num="248" count="1440" type="stmt"/>
        <line num="249" count="1440" type="stmt"/>
        <line num="250" count="1440" type="stmt"/>
        <line num="252" count="12" type="stmt"/>
        <line num="254" count="12" type="stmt"/>
        <line num="255" count="12" type="cond" truecount="1" falsecount="0"/>
        <line num="256" count="6" type="cond" truecount="1" falsecount="0"/>
        <line num="257" count="6" type="stmt"/>
        <line num="258" count="12" type="cond" truecount="1" falsecount="0"/>
        <line num="259" count="6" type="cond" truecount="1" falsecount="0"/>
        <line num="260" count="6" type="stmt"/>
        <line num="262" count="12" type="stmt"/>
        <line num="263" count="12" type="stmt"/>
        <line num="264" count="12" type="stmt"/>
        <line num="265" count="12" type="stmt"/>
        <line num="266" count="12" type="stmt"/>
        <line num="267" count="12" type="stmt"/>
        <line num="268" count="12" type="stmt"/>
        <line num="270" count="12" type="stmt"/>
        <line num="271" count="12" type="stmt"/>
        <line num="272" count="12" type="stmt"/>
        <line num="273" count="12" type="stmt"/>
        <line num="274" count="12" type="stmt"/>
        <line num="275" count="12" type="stmt"/>
        <line num="276" count="12" type="stmt"/>
        <line num="277" count="12" type="stmt"/>
        <line num="278" count="12" type="stmt"/>
        <line num="279" count="12" type="stmt"/>
        <line num="280" count="12" type="stmt"/>
        <line num="281" count="12" type="stmt"/>
        <line num="282" count="12" type="stmt"/>
        <line num="284" count="1" type="cond" truecount="1" falsecount="0"/>
        <line num="285" count="3" type="stmt"/>
        <line num="286" count="3" type="stmt"/>
        <line num="288" count="1" type="cond" truecount="1" falsecount="0"/>
        <line num="289" count="3" type="stmt"/>
        <line num="290" count="3" type="stmt"/>
        <line num="292" count="1" type="cond" truecount="1" falsecount="0"/>
        <line num="293" count="3" type="stmt"/>
        <line num="294" count="3" type="stmt"/>
        <line num="296" count="1" type="cond" truecount="1" falsecount="0"/>
        <line num="297" count="3" type="stmt"/>
        <line num="298" count="3" type="stmt"/>
        <line num="300" count="1" type="cond" truecount="1" falsecount="0"/>
        <line num="301" count="3" type="stmt"/>
        <line num="302" count="3" type="stmt"/>
        <line num="303" count="3" type="stmt"/>
        <line num="304" count="3" type="stmt"/>
        <line num="305" count="3" type="stmt"/>
        <line num="306" count="3" type="stmt"/>
        <line num="308" count="1" type="cond" truecount="1" falsecount="0"/>
        <line num="309" count="3" type="stmt"/>
        <line num="310" count="3" type="stmt"/>
        <line num="312" count="1" type="cond" truecount="1" falsecount="0"/>
        <line num="313" count="3" type="stmt"/>
        <line num="314" count="3" type="stmt"/>
        <line num="316" count="1" type="cond" truecount="1" falsecount="0"/>
        <line num="317" count="3" type="stmt"/>
        <line num="318" count="3" type="stmt"/>
        <line num="320" count="1" type="cond" truecount="1" falsecount="0"/>
        <line num="321" count="5" type="cond" truecount="0" falsecount="1"/>
        <line num="322" count="5" type="stmt"/>
        <line num="323" count="5" type="stmt"/>
        <line num="324" count="5" type="stmt"/>
        <line num="325" count="5" type="stmt"/>
        <line num="326" count="5" type="stmt"/>
        <line num="327" count="5" type="stmt"/>
        <line num="328" count="5" type="stmt"/>
        <line num="329" count="5" type="stmt"/>
        <line num="330" count="5" type="stmt"/>
        <line num="331" count="5" type="stmt"/>
        <line num="332" count="5" type="stmt"/>
        <line num="333" count="5" type="stmt"/>
        <line num="334" count="5" type="stmt"/>
        <line num="335" count="5" type="stmt"/>
        <line num="336" count="5" type="stmt"/>
        <line num="337" count="5" type="stmt"/>
        <line num="338" count="5" type="stmt"/>
        <line num="339" count="5" type="stmt"/>
        <line num="340" count="5" type="stmt"/>
        <line num="341" count="5" type="cond" truecount="0" falsecount="1"/>
        <line num="342" count="0" type="stmt"/>
        <line num="343" count="5" type="stmt"/>
        <line num="345" count="5" type="cond" truecount="2" falsecount="0"/>
        <line num="346" count="5" type="stmt"/>
        <line num="347" count="5" type="stmt"/>
        <line num="349" count="5" type="stmt"/>
        <line num="350" count="5" type="cond" truecount="1" falsecount="0"/>
        <line num="351" count="600" type="stmt"/>
        <line num="352" count="600" type="stmt"/>
        <line num="353" count="600" type="stmt"/>
        <line num="355" count="5" type="stmt"/>
        <line num="357" count="5" type="stmt"/>
        <line num="359" count="5" type="stmt"/>
        <line num="360" count="5" type="stmt"/>
        <line num="361" count="5" type="stmt"/>
        <line num="362" count="5" type="stmt"/>
        <line num="363" count="5" type="stmt"/>
        <line num="364" count="5" type="cond" truecount="2" falsecount="0"/>
        <line num="365" count="5" type="stmt"/>
        <line num="366" count="5" type="stmt"/>
        <line num="367" count="5" type="stmt"/>
        <line num="368" count="5" type="stmt"/>
        <line num="369" count="5" type="stmt"/>
        <line num="371" count="1" type="cond" truecount="1" falsecount="0"/>
        <line num="372" count="3" type="cond" truecount="0" falsecount="1"/>
        <line num="373" count="3" type="stmt"/>
        <line num="374" count="3" type="stmt"/>
        <line num="375" count="3" type="stmt"/>
        <line num="376" count="3" type="stmt"/>
        <line num="377" count="3" type="stmt"/>
        <line num="378" count="3" type="stmt"/>
        <line num="379" count="3" type="stmt"/>
        <line num="380" count="3" type="stmt"/>
        <line num="381" count="3" type="stmt"/>
        <line num="382" count="3" type="stmt"/>
        <line num="383" count="3" type="stmt"/>
        <line num="384" count="3" type="stmt"/>
        <line num="385" count="3" type="stmt"/>
        <line num="386" count="3" type="stmt"/>
        <line num="387" count="3" type="stmt"/>
        <line num="388" count="3" type="stmt"/>
        <line num="389" count="3" type="stmt"/>
        <line num="390" count="3" type="stmt"/>
        <line num="391" count="3" type="stmt"/>
        <line num="392" count="3" type="cond" truecount="0" falsecount="1"/>
        <line num="393" count="0" type="stmt"/>
        <line num="394" count="3" type="stmt"/>
        <line num="396" count="3" type="cond" truecount="0" falsecount="1"/>
        <line num="397" count="3" type="stmt"/>
        <line num="398" count="3" type="stmt"/>
        <line num="400" count="3" type="stmt"/>
        <line num="401" count="3" type="cond" truecount="1" falsecount="0"/>
        <line num="402" count="360" type="stmt"/>
        <line num="403" count="360" type="stmt"/>
        <line num="404" count="360" type="stmt"/>
        <line num="406" count="3" type="stmt"/>
        <line num="408" count="3" type="stmt"/>
        <line num="410" count="3" type="stmt"/>
        <line num="411" count="3" type="stmt"/>
        <line num="412" count="3" type="stmt"/>
        <line num="413" count="3" type="stmt"/>
        <line num="414" count="3" type="stmt"/>
        <line num="415" count="3" type="cond" truecount="0" falsecount="1"/>
        <line num="416" count="3" type="stmt"/>
        <line num="417" count="3" type="stmt"/>
        <line num="418" count="3" type="stmt"/>
        <line num="419" count="3" type="stmt"/>
        <line num="420" count="3" type="stmt"/>
        <line num="422" count="1" type="cond" truecount="1" falsecount="0"/>
        <line num="423" count="6" type="cond" truecount="0" falsecount="1"/>
        <line num="424" count="6" type="stmt"/>
        <line num="425" count="6" type="stmt"/>
        <line num="426" count="6" type="stmt"/>
        <line num="427" count="6" type="stmt"/>
        <line num="428" count="6" type="stmt"/>
        <line num="429" count="6" type="stmt"/>
        <line num="431" count="6" type="cond" truecount="0" falsecount="1"/>
        <line num="432" count="0" type="stmt"/>
        <line num="433" count="0" type="stmt"/>
        <line num="434" count="0" type="stmt"/>
        <line num="435" count="0" type="stmt"/>
        <line num="437" count="6" type="cond" truecount="3" falsecount="0"/>
        <line num="438" count="6" type="cond" truecount="1" falsecount="0"/>
        <line num="439" count="6" type="cond" truecount="1" falsecount="0"/>
        <line num="440" count="720" type="stmt"/>
        <line num="441" count="720" type="cond" truecount="1" falsecount="0"/>
        <line num="442" count="2880" type="stmt"/>
        <line num="443" count="720" type="stmt"/>
        <line num="444" count="720" type="stmt"/>
        <line num="445" count="6" type="stmt"/>
        <line num="447" count="6" type="stmt"/>
        <line num="448" count="6" type="stmt"/>
        <line num="449" count="6" type="stmt"/>
        <line num="451" count="6" type="stmt"/>
        <line num="452" count="6" type="stmt"/>
        <line num="453" count="6" type="stmt"/>
        <line num="454" count="6" type="stmt"/>
        <line num="455" count="6" type="stmt"/>
        <line num="456" count="6" type="stmt"/>
        <line num="457" count="6" type="stmt"/>
        <line num="458" count="6" type="stmt"/>
        <line num="459" count="6" type="stmt"/>
        <line num="460" count="6" type="stmt"/>
        <line num="461" count="6" type="stmt"/>
        <line num="463" count="1" type="cond" truecount="1" falsecount="0"/>
        <line num="464" count="3" type="stmt"/>
        <line num="465" count="3" type="stmt"/>
        <line num="466" count="3" type="stmt"/>
        <line num="467" count="3" type="stmt"/>
        <line num="468" count="3" type="stmt"/>
        <line num="469" count="3" type="stmt"/>
        <line num="470" count="3" type="stmt"/>
        <line num="472" count="1" type="cond" truecount="1" falsecount="0"/>
        <line num="473" count="3" type="cond" truecount="0" falsecount="1"/>
        <line num="474" count="3" type="stmt"/>
        <line num="475" count="3" type="cond" truecount="1" falsecount="0"/>
        <line num="476" count="1" type="cond" truecount="1" falsecount="2"/>
        <line num="477" count="2" type="stmt"/>
        <line num="478" count="2" type="stmt"/>
        <line num="479" count="2" type="stmt"/>
        <line num="480" count="2" type="stmt"/>
        <line num="481" count="2" type="stmt"/>
        <line num="482" count="2" type="stmt"/>
        <line num="483" count="2" type="stmt"/>
        <line num="484" count="2" type="stmt"/>
        <line num="485" count="2" type="stmt"/>
        <line num="487" count="3" type="stmt"/>
        <line num="488" count="3" type="stmt"/>
        <line num="489" count="3" type="stmt"/>
        <line num="490" count="3" type="stmt"/>
        <line num="491" count="3" type="stmt"/>
        <line num="492" count="3" type="stmt"/>
        <line num="493" count="3" type="stmt"/>
        <line num="494" count="3" type="stmt"/>
        <line num="495" count="3" type="stmt"/>
        <line num="496" count="3" type="stmt"/>
        <line num="497" count="3" type="stmt"/>
        <line num="498" count="3" type="stmt"/>
        <line num="500" count="3" type="stmt"/>
        <line num="501" count="3" type="cond" truecount="1" falsecount="0"/>
        <line num="502" count="360" type="stmt"/>
        <line num="503" count="360" type="stmt"/>
        <line num="504" count="360" type="stmt"/>
        <line num="506" count="3" type="stmt"/>
        <line num="508" count="3" type="stmt"/>
        <line num="509" count="3" type="stmt"/>
        <line num="511" count="3" type="stmt"/>
        <line num="512" count="3" type="stmt"/>
        <line num="513" count="3" type="stmt"/>
        <line num="514" count="3" type="stmt"/>
        <line num="515" count="3" type="stmt"/>
        <line num="516" count="3" type="stmt"/>
        <line num="517" count="3" type="stmt"/>
        <line num="518" count="3" type="stmt"/>
        <line num="519" count="3" type="stmt"/>
        <line num="520" count="3" type="stmt"/>
        <line num="521" count="3" type="stmt"/>
        <line num="523" count="1" type="cond" truecount="1" falsecount="0"/>
        <line num="524" count="3" type="stmt"/>
        <line num="525" count="3" type="stmt"/>
        <line num="527" count="1" type="cond" truecount="1" falsecount="0"/>
        <line num="528" count="3" type="cond" truecount="0" falsecount="1"/>
        <line num="529" count="3" type="cond" truecount="0" falsecount="1"/>
        <line num="530" count="3" type="stmt"/>
        <line num="531" count="3" type="cond" truecount="1" falsecount="0"/>
        <line num="532" count="1" type="cond" truecount="1" falsecount="1"/>
        <line num="533" count="2" type="stmt"/>
        <line num="534" count="2" type="stmt"/>
        <line num="535" count="2" type="stmt"/>
        <line num="536" count="2" type="stmt"/>
        <line num="537" count="2" type="stmt"/>
        <line num="538" count="2" type="stmt"/>
        <line num="539" count="2" type="stmt"/>
        <line num="540" count="2" type="stmt"/>
        <line num="541" count="2" type="stmt"/>
        <line num="542" count="3" type="stmt"/>
        <line num="543" count="3" type="cond" truecount="1" falsecount="0"/>
        <line num="544" count="1" type="cond" truecount="1" falsecount="1"/>
        <line num="545" count="2" type="stmt"/>
        <line num="546" count="2" type="stmt"/>
        <line num="547" count="2" type="stmt"/>
        <line num="548" count="2" type="stmt"/>
        <line num="549" count="2" type="stmt"/>
        <line num="550" count="2" type="stmt"/>
        <line num="551" count="2" type="stmt"/>
        <line num="552" count="2" type="stmt"/>
        <line num="553" count="2" type="stmt"/>
        <line num="555" count="3" type="stmt"/>
        <line num="556" count="3" type="stmt"/>
        <line num="557" count="3" type="stmt"/>
        <line num="558" count="3" type="stmt"/>
        <line num="559" count="3" type="stmt"/>
        <line num="560" count="3" type="stmt"/>
        <line num="561" count="3" type="stmt"/>
        <line num="562" count="3" type="stmt"/>
        <line num="563" count="3" type="stmt"/>
        <line num="564" count="3" type="stmt"/>
        <line num="565" count="3" type="stmt"/>
        <line num="566" count="3" type="stmt"/>
        <line num="567" count="3" type="stmt"/>
        <line num="568" count="3" type="stmt"/>
        <line num="570" count="3" type="stmt"/>
        <line num="571" count="3" type="cond" truecount="1" falsecount="0"/>
        <line num="572" count="360" type="stmt"/>
        <line num="573" count="360" type="stmt"/>
        <line num="574" count="360" type="stmt"/>
        <line num="576" count="3" type="stmt"/>
        <line num="578" count="3" type="stmt"/>
        <line num="579" count="3" type="stmt"/>
        <line num="580" count="3" type="stmt"/>
        <line num="581" count="3" type="stmt"/>
        <line num="582" count="3" type="stmt"/>
        <line num="583" count="3" type="stmt"/>
        <line num="584" count="3" type="stmt"/>
        <line num="585" count="3" type="stmt"/>
        <line num="586" count="3" type="stmt"/>
        <line num="587" count="3" type="stmt"/>
        <line num="588" count="3" type="stmt"/>
        <line num="590" count="1" type="cond" truecount="1" falsecount="0"/>
        <line num="598" count="3" type="stmt"/>
        <line num="599" count="3" type="stmt"/>
        <line num="600" count="3" type="stmt"/>
        <line num="601" count="3" type="stmt"/>
        <line num="602" count="3" type="stmt"/>
        <line num="603" count="3" type="stmt"/>
        <line num="604" count="3" type="stmt"/>
        <line num="605" count="3" type="stmt"/>
        <line num="606" count="3" type="stmt"/>
        <line num="607" count="3" type="stmt"/>
        <line num="608" count="3" type="stmt"/>
        <line num="609" count="3" type="stmt"/>
        <line num="610" count="3" type="stmt"/>
        <line num="611" count="3" type="stmt"/>
        <line num="612" count="3" type="stmt"/>
        <line num="613" count="3" type="stmt"/>
        <line num="614" count="3" type="stmt"/>
        <line num="615" count="3" type="stmt"/>
        <line num="616" count="3" type="stmt"/>
        <line num="617" count="3" type="stmt"/>
        <line num="618" count="3" type="stmt"/>
        <line num="620" count="1" type="stmt"/>
      </file>
    </package>
  </project>
</coverage>
