{"/workspace/packages/options-core/src/calculator-configs.ts": {"path":"/workspace/packages/options-core/src/calculator-configs.ts","all":false,"statementMap":{"1":{"start":{"line":2,"column":0},"end":{"line":2,"column":8}},"37":{"start":{"line":38,"column":0},"end":{"line":38,"column":81}},"38":{"start":{"line":39,"column":0},"end":{"line":39,"column":37}},"39":{"start":{"line":40,"column":0},"end":{"line":40,"column":53}},"40":{"start":{"line":41,"column":0},"end":{"line":41,"column":1}},"42":{"start":{"line":43,"column":0},"end":{"line":43,"column":53}},"43":{"start":{"line":44,"column":0},"end":{"line":44,"column":10}},"44":{"start":{"line":45,"column":0},"end":{"line":45,"column":47}},"45":{"start":{"line":46,"column":0},"end":{"line":46,"column":32}},"46":{"start":{"line":47,"column":0},"end":{"line":47,"column":49}},"47":{"start":{"line":48,"column":0},"end":{"line":48,"column":51}},"48":{"start":{"line":49,"column":0},"end":{"line":49,"column":41}},"49":{"start":{"line":50,"column":0},"end":{"line":50,"column":35}},"50":{"start":{"line":51,"column":0},"end":{"line":51,"column":30}},"51":{"start":{"line":52,"column":0},"end":{"line":52,"column":4}},"52":{"start":{"line":53,"column":0},"end":{"line":53,"column":1}},"53":{"start":{"line":54,"column":0},"end":{"line":54,"column":69}},"54":{"start":{"line":55,"column":0},"end":{"line":55,"column":16}},"55":{"start":{"line":56,"column":0},"end":{"line":56,"column":20}},"56":{"start":{"line":57,"column":0},"end":{"line":57,"column":23}},"57":{"start":{"line":58,"column":0},"end":{"line":58,"column":13}},"58":{"start":{"line":59,"column":0},"end":{"line":59,"column":71}},"59":{"start":{"line":60,"column":0},"end":{"line":60,"column":62}},"60":{"start":{"line":61,"column":0},"end":{"line":61,"column":63}},"61":{"start":{"line":62,"column":0},"end":{"line":62,"column":66}},"62":{"start":{"line":63,"column":0},"end":{"line":63,"column":77}},"63":{"start":{"line":64,"column":0},"end":{"line":64,"column":65}},"64":{"start":{"line":65,"column":0},"end":{"line":65,"column":6}},"65":{"start":{"line":66,"column":0},"end":{"line":66,"column":24}},"66":{"start":{"line":67,"column":0},"end":{"line":67,"column":101}},"67":{"start":{"line":68,"column":0},"end":{"line":68,"column":4}},"68":{"start":{"line":69,"column":0},"end":{"line":69,"column":15}},"69":{"start":{"line":70,"column":0},"end":{"line":70,"column":19}},"70":{"start":{"line":71,"column":0},"end":{"line":71,"column":22}},"71":{"start":{"line":72,"column":0},"end":{"line":72,"column":13}},"72":{"start":{"line":73,"column":0},"end":{"line":73,"column":71}},"73":{"start":{"line":74,"column":0},"end":{"line":74,"column":61}},"74":{"start":{"line":75,"column":0},"end":{"line":75,"column":63}},"75":{"start":{"line":76,"column":0},"end":{"line":76,"column":66}},"76":{"start":{"line":77,"column":0},"end":{"line":77,"column":77}},"77":{"start":{"line":78,"column":0},"end":{"line":78,"column":65}},"78":{"start":{"line":79,"column":0},"end":{"line":79,"column":6}},"79":{"start":{"line":80,"column":0},"end":{"line":80,"column":24}},"80":{"start":{"line":81,"column":0},"end":{"line":81,"column":99}},"81":{"start":{"line":82,"column":0},"end":{"line":82,"column":4}},"82":{"start":{"line":83,"column":0},"end":{"line":83,"column":17}},"83":{"start":{"line":84,"column":0},"end":{"line":84,"column":21}},"84":{"start":{"line":85,"column":0},"end":{"line":85,"column":24}},"85":{"start":{"line":86,"column":0},"end":{"line":86,"column":13}},"86":{"start":{"line":87,"column":0},"end":{"line":87,"column":71}},"87":{"start":{"line":88,"column":0},"end":{"line":88,"column":62}},"88":{"start":{"line":89,"column":0},"end":{"line":89,"column":63}},"89":{"start":{"line":90,"column":0},"end":{"line":90,"column":66}},"90":{"start":{"line":91,"column":0},"end":{"line":91,"column":77}},"91":{"start":{"line":92,"column":0},"end":{"line":92,"column":65}},"92":{"start":{"line":93,"column":0},"end":{"line":93,"column":6}},"93":{"start":{"line":94,"column":0},"end":{"line":94,"column":24}},"94":{"start":{"line":95,"column":0},"end":{"line":95,"column":103}},"95":{"start":{"line":96,"column":0},"end":{"line":96,"column":4}},"96":{"start":{"line":97,"column":0},"end":{"line":97,"column":16}},"97":{"start":{"line":98,"column":0},"end":{"line":98,"column":20}},"98":{"start":{"line":99,"column":0},"end":{"line":99,"column":23}},"99":{"start":{"line":100,"column":0},"end":{"line":100,"column":13}},"100":{"start":{"line":101,"column":0},"end":{"line":101,"column":71}},"101":{"start":{"line":102,"column":0},"end":{"line":102,"column":61}},"102":{"start":{"line":103,"column":0},"end":{"line":103,"column":63}},"103":{"start":{"line":104,"column":0},"end":{"line":104,"column":66}},"104":{"start":{"line":105,"column":0},"end":{"line":105,"column":77}},"105":{"start":{"line":106,"column":0},"end":{"line":106,"column":65}},"106":{"start":{"line":107,"column":0},"end":{"line":107,"column":6}},"107":{"start":{"line":108,"column":0},"end":{"line":108,"column":24}},"108":{"start":{"line":109,"column":0},"end":{"line":109,"column":101}},"109":{"start":{"line":110,"column":0},"end":{"line":110,"column":4}},"110":{"start":{"line":111,"column":0},"end":{"line":111,"column":23}},"111":{"start":{"line":112,"column":0},"end":{"line":112,"column":27}},"112":{"start":{"line":113,"column":0},"end":{"line":113,"column":30}},"113":{"start":{"line":114,"column":0},"end":{"line":114,"column":13}},"114":{"start":{"line":115,"column":0},"end":{"line":115,"column":71}},"115":{"start":{"line":116,"column":0},"end":{"line":116,"column":71}},"116":{"start":{"line":117,"column":0},"end":{"line":117,"column":73}},"117":{"start":{"line":118,"column":0},"end":{"line":118,"column":63}},"118":{"start":{"line":119,"column":0},"end":{"line":119,"column":66}},"119":{"start":{"line":120,"column":0},"end":{"line":120,"column":65}},"120":{"start":{"line":121,"column":0},"end":{"line":121,"column":6}},"121":{"start":{"line":122,"column":0},"end":{"line":122,"column":24}},"122":{"start":{"line":123,"column":0},"end":{"line":123,"column":22}},"123":{"start":{"line":124,"column":0},"end":{"line":124,"column":30}},"124":{"start":{"line":125,"column":0},"end":{"line":125,"column":46}},"125":{"start":{"line":126,"column":0},"end":{"line":126,"column":48}},"126":{"start":{"line":127,"column":0},"end":{"line":127,"column":25}},"127":{"start":{"line":128,"column":0},"end":{"line":128,"column":9}},"128":{"start":{"line":129,"column":0},"end":{"line":129,"column":4}},"129":{"start":{"line":130,"column":0},"end":{"line":130,"column":22}},"130":{"start":{"line":131,"column":0},"end":{"line":131,"column":26}},"131":{"start":{"line":132,"column":0},"end":{"line":132,"column":29}},"132":{"start":{"line":133,"column":0},"end":{"line":133,"column":13}},"133":{"start":{"line":134,"column":0},"end":{"line":134,"column":71}},"134":{"start":{"line":135,"column":0},"end":{"line":135,"column":70}},"135":{"start":{"line":136,"column":0},"end":{"line":136,"column":73}},"136":{"start":{"line":137,"column":0},"end":{"line":137,"column":63}},"137":{"start":{"line":138,"column":0},"end":{"line":138,"column":66}},"138":{"start":{"line":139,"column":0},"end":{"line":139,"column":65}},"139":{"start":{"line":140,"column":0},"end":{"line":140,"column":6}},"140":{"start":{"line":141,"column":0},"end":{"line":141,"column":24}},"141":{"start":{"line":142,"column":0},"end":{"line":142,"column":21}},"142":{"start":{"line":143,"column":0},"end":{"line":143,"column":30}},"143":{"start":{"line":144,"column":0},"end":{"line":144,"column":46}},"144":{"start":{"line":145,"column":0},"end":{"line":145,"column":48}},"145":{"start":{"line":146,"column":0},"end":{"line":146,"column":24}},"146":{"start":{"line":147,"column":0},"end":{"line":147,"column":9}},"147":{"start":{"line":148,"column":0},"end":{"line":148,"column":4}},"148":{"start":{"line":149,"column":0},"end":{"line":149,"column":22}},"149":{"start":{"line":150,"column":0},"end":{"line":150,"column":26}},"150":{"start":{"line":151,"column":0},"end":{"line":151,"column":29}},"151":{"start":{"line":152,"column":0},"end":{"line":152,"column":13}},"152":{"start":{"line":153,"column":0},"end":{"line":153,"column":71}},"153":{"start":{"line":154,"column":0},"end":{"line":154,"column":71}},"154":{"start":{"line":155,"column":0},"end":{"line":155,"column":72}},"155":{"start":{"line":156,"column":0},"end":{"line":156,"column":63}},"156":{"start":{"line":157,"column":0},"end":{"line":157,"column":66}},"157":{"start":{"line":158,"column":0},"end":{"line":158,"column":65}},"158":{"start":{"line":159,"column":0},"end":{"line":159,"column":6}},"159":{"start":{"line":160,"column":0},"end":{"line":160,"column":24}},"160":{"start":{"line":161,"column":0},"end":{"line":161,"column":21}},"161":{"start":{"line":162,"column":0},"end":{"line":162,"column":30}},"162":{"start":{"line":163,"column":0},"end":{"line":163,"column":46}},"163":{"start":{"line":164,"column":0},"end":{"line":164,"column":48}},"164":{"start":{"line":165,"column":0},"end":{"line":165,"column":24}},"165":{"start":{"line":166,"column":0},"end":{"line":166,"column":9}},"166":{"start":{"line":167,"column":0},"end":{"line":167,"column":4}},"167":{"start":{"line":168,"column":0},"end":{"line":168,"column":23}},"168":{"start":{"line":169,"column":0},"end":{"line":169,"column":27}},"169":{"start":{"line":170,"column":0},"end":{"line":170,"column":30}},"170":{"start":{"line":171,"column":0},"end":{"line":171,"column":13}},"171":{"start":{"line":172,"column":0},"end":{"line":172,"column":71}},"172":{"start":{"line":173,"column":0},"end":{"line":173,"column":71}},"173":{"start":{"line":174,"column":0},"end":{"line":174,"column":73}},"174":{"start":{"line":175,"column":0},"end":{"line":175,"column":63}},"175":{"start":{"line":176,"column":0},"end":{"line":176,"column":66}},"176":{"start":{"line":177,"column":0},"end":{"line":177,"column":65}},"177":{"start":{"line":178,"column":0},"end":{"line":178,"column":6}},"178":{"start":{"line":179,"column":0},"end":{"line":179,"column":24}},"179":{"start":{"line":180,"column":0},"end":{"line":180,"column":22}},"180":{"start":{"line":181,"column":0},"end":{"line":181,"column":30}},"181":{"start":{"line":182,"column":0},"end":{"line":182,"column":46}},"182":{"start":{"line":183,"column":0},"end":{"line":183,"column":48}},"183":{"start":{"line":184,"column":0},"end":{"line":184,"column":25}},"184":{"start":{"line":185,"column":0},"end":{"line":185,"column":9}},"185":{"start":{"line":186,"column":0},"end":{"line":186,"column":4}},"186":{"start":{"line":187,"column":0},"end":{"line":187,"column":19}},"187":{"start":{"line":188,"column":0},"end":{"line":188,"column":23}},"188":{"start":{"line":189,"column":0},"end":{"line":189,"column":26}},"189":{"start":{"line":190,"column":0},"end":{"line":190,"column":13}},"190":{"start":{"line":191,"column":0},"end":{"line":191,"column":71}},"191":{"start":{"line":192,"column":0},"end":{"line":192,"column":73}},"192":{"start":{"line":193,"column":0},"end":{"line":193,"column":67}},"193":{"start":{"line":194,"column":0},"end":{"line":194,"column":63}},"194":{"start":{"line":195,"column":0},"end":{"line":195,"column":66}},"195":{"start":{"line":196,"column":0},"end":{"line":196,"column":65}},"196":{"start":{"line":197,"column":0},"end":{"line":197,"column":6}},"197":{"start":{"line":198,"column":0},"end":{"line":198,"column":24}},"198":{"start":{"line":199,"column":0},"end":{"line":199,"column":19}},"199":{"start":{"line":200,"column":0},"end":{"line":200,"column":30}},"200":{"start":{"line":201,"column":0},"end":{"line":201,"column":38}},"201":{"start":{"line":202,"column":0},"end":{"line":202,"column":54}},"202":{"start":{"line":203,"column":0},"end":{"line":203,"column":9}},"203":{"start":{"line":204,"column":0},"end":{"line":204,"column":4}},"204":{"start":{"line":205,"column":0},"end":{"line":205,"column":23}},"205":{"start":{"line":206,"column":0},"end":{"line":206,"column":27}},"206":{"start":{"line":207,"column":0},"end":{"line":207,"column":30}},"207":{"start":{"line":208,"column":0},"end":{"line":208,"column":13}},"208":{"start":{"line":209,"column":0},"end":{"line":209,"column":71}},"209":{"start":{"line":210,"column":0},"end":{"line":210,"column":61}},"210":{"start":{"line":211,"column":0},"end":{"line":211,"column":63}},"211":{"start":{"line":212,"column":0},"end":{"line":212,"column":66}},"212":{"start":{"line":213,"column":0},"end":{"line":213,"column":65}},"213":{"start":{"line":214,"column":0},"end":{"line":214,"column":6}},"214":{"start":{"line":215,"column":0},"end":{"line":215,"column":24}},"215":{"start":{"line":216,"column":0},"end":{"line":216,"column":107}},"216":{"start":{"line":217,"column":0},"end":{"line":217,"column":4}},"217":{"start":{"line":218,"column":0},"end":{"line":218,"column":9}},"218":{"start":{"line":219,"column":0},"end":{"line":219,"column":15}},"219":{"start":{"line":220,"column":0},"end":{"line":220,"column":37}},"220":{"start":{"line":221,"column":0},"end":{"line":221,"column":13}},"221":{"start":{"line":222,"column":0},"end":{"line":222,"column":71}},"222":{"start":{"line":223,"column":0},"end":{"line":223,"column":75}},"223":{"start":{"line":224,"column":0},"end":{"line":224,"column":78}},"224":{"start":{"line":225,"column":0},"end":{"line":225,"column":65}},"225":{"start":{"line":226,"column":0},"end":{"line":226,"column":66}},"226":{"start":{"line":227,"column":0},"end":{"line":227,"column":66}},"227":{"start":{"line":228,"column":0},"end":{"line":228,"column":65}},"228":{"start":{"line":229,"column":0},"end":{"line":229,"column":6}},"229":{"start":{"line":230,"column":0},"end":{"line":230,"column":24}},"230":{"start":{"line":231,"column":0},"end":{"line":231,"column":27}},"231":{"start":{"line":232,"column":0},"end":{"line":232,"column":30}},"232":{"start":{"line":233,"column":0},"end":{"line":233,"column":46}},"233":{"start":{"line":234,"column":0},"end":{"line":234,"column":48}},"234":{"start":{"line":235,"column":0},"end":{"line":235,"column":40}},"235":{"start":{"line":236,"column":0},"end":{"line":236,"column":42}},"236":{"start":{"line":237,"column":0},"end":{"line":237,"column":9}},"237":{"start":{"line":238,"column":0},"end":{"line":238,"column":4}},"238":{"start":{"line":239,"column":0},"end":{"line":239,"column":13}},"239":{"start":{"line":240,"column":0},"end":{"line":240,"column":19}},"240":{"start":{"line":241,"column":0},"end":{"line":241,"column":22}},"241":{"start":{"line":242,"column":0},"end":{"line":242,"column":13}},"242":{"start":{"line":243,"column":0},"end":{"line":243,"column":71}},"243":{"start":{"line":244,"column":0},"end":{"line":244,"column":62}},"244":{"start":{"line":245,"column":0},"end":{"line":245,"column":63}},"245":{"start":{"line":246,"column":0},"end":{"line":246,"column":66}},"246":{"start":{"line":247,"column":0},"end":{"line":247,"column":84}},"247":{"start":{"line":248,"column":0},"end":{"line":248,"column":65}},"248":{"start":{"line":249,"column":0},"end":{"line":249,"column":6}},"249":{"start":{"line":250,"column":0},"end":{"line":250,"column":24}},"250":{"start":{"line":251,"column":0},"end":{"line":251,"column":16}},"251":{"start":{"line":252,"column":0},"end":{"line":252,"column":30}},"252":{"start":{"line":253,"column":0},"end":{"line":253,"column":38}},"253":{"start":{"line":254,"column":0},"end":{"line":254,"column":73}},"254":{"start":{"line":255,"column":0},"end":{"line":255,"column":9}},"255":{"start":{"line":256,"column":0},"end":{"line":256,"column":4}},"256":{"start":{"line":257,"column":0},"end":{"line":257,"column":13}},"257":{"start":{"line":258,"column":0},"end":{"line":258,"column":19}},"258":{"start":{"line":259,"column":0},"end":{"line":259,"column":22}},"259":{"start":{"line":260,"column":0},"end":{"line":260,"column":13}},"260":{"start":{"line":261,"column":0},"end":{"line":261,"column":71}},"261":{"start":{"line":262,"column":0},"end":{"line":262,"column":68}},"262":{"start":{"line":263,"column":0},"end":{"line":263,"column":71}},"263":{"start":{"line":264,"column":0},"end":{"line":264,"column":63}},"264":{"start":{"line":265,"column":0},"end":{"line":265,"column":66}},"265":{"start":{"line":266,"column":0},"end":{"line":266,"column":84}},"266":{"start":{"line":267,"column":0},"end":{"line":267,"column":65}},"267":{"start":{"line":268,"column":0},"end":{"line":268,"column":6}},"268":{"start":{"line":269,"column":0},"end":{"line":269,"column":24}},"269":{"start":{"line":270,"column":0},"end":{"line":270,"column":16}},"270":{"start":{"line":271,"column":0},"end":{"line":271,"column":30}},"271":{"start":{"line":272,"column":0},"end":{"line":272,"column":44}},"272":{"start":{"line":273,"column":0},"end":{"line":273,"column":46}},"273":{"start":{"line":274,"column":0},"end":{"line":274,"column":73}},"274":{"start":{"line":275,"column":0},"end":{"line":275,"column":9}},"275":{"start":{"line":276,"column":0},"end":{"line":276,"column":4}},"276":{"start":{"line":277,"column":0},"end":{"line":277,"column":18}},"277":{"start":{"line":278,"column":0},"end":{"line":278,"column":22}},"278":{"start":{"line":279,"column":0},"end":{"line":279,"column":25}},"279":{"start":{"line":280,"column":0},"end":{"line":280,"column":13}},"280":{"start":{"line":281,"column":0},"end":{"line":281,"column":71}},"281":{"start":{"line":282,"column":0},"end":{"line":282,"column":71}},"282":{"start":{"line":283,"column":0},"end":{"line":283,"column":73}},"283":{"start":{"line":284,"column":0},"end":{"line":284,"column":75}},"284":{"start":{"line":285,"column":0},"end":{"line":285,"column":73}},"285":{"start":{"line":286,"column":0},"end":{"line":286,"column":63}},"286":{"start":{"line":287,"column":0},"end":{"line":287,"column":66}},"287":{"start":{"line":288,"column":0},"end":{"line":288,"column":65}},"288":{"start":{"line":289,"column":0},"end":{"line":289,"column":6}},"289":{"start":{"line":290,"column":0},"end":{"line":290,"column":24}},"290":{"start":{"line":291,"column":0},"end":{"line":291,"column":18}},"291":{"start":{"line":292,"column":0},"end":{"line":292,"column":30}},"292":{"start":{"line":293,"column":0},"end":{"line":293,"column":52}},"293":{"start":{"line":294,"column":0},"end":{"line":294,"column":54}},"294":{"start":{"line":295,"column":0},"end":{"line":295,"column":56}},"295":{"start":{"line":296,"column":0},"end":{"line":296,"column":54}},"296":{"start":{"line":297,"column":0},"end":{"line":297,"column":30}},"297":{"start":{"line":298,"column":0},"end":{"line":298,"column":9}},"298":{"start":{"line":299,"column":0},"end":{"line":299,"column":4}},"299":{"start":{"line":300,"column":0},"end":{"line":300,"column":21}},"300":{"start":{"line":301,"column":0},"end":{"line":301,"column":25}},"301":{"start":{"line":302,"column":0},"end":{"line":302,"column":28}},"302":{"start":{"line":303,"column":0},"end":{"line":303,"column":13}},"303":{"start":{"line":304,"column":0},"end":{"line":304,"column":71}},"304":{"start":{"line":305,"column":0},"end":{"line":305,"column":71}},"305":{"start":{"line":306,"column":0},"end":{"line":306,"column":75}},"306":{"start":{"line":307,"column":0},"end":{"line":307,"column":83}},"307":{"start":{"line":308,"column":0},"end":{"line":308,"column":73}},"308":{"start":{"line":309,"column":0},"end":{"line":309,"column":63}},"309":{"start":{"line":310,"column":0},"end":{"line":310,"column":66}},"310":{"start":{"line":311,"column":0},"end":{"line":311,"column":65}},"311":{"start":{"line":312,"column":0},"end":{"line":312,"column":6}},"312":{"start":{"line":313,"column":0},"end":{"line":313,"column":24}},"313":{"start":{"line":314,"column":0},"end":{"line":314,"column":21}},"314":{"start":{"line":315,"column":0},"end":{"line":315,"column":30}},"315":{"start":{"line":316,"column":0},"end":{"line":316,"column":52}},"316":{"start":{"line":317,"column":0},"end":{"line":317,"column":54}},"317":{"start":{"line":318,"column":0},"end":{"line":318,"column":87}},"318":{"start":{"line":319,"column":0},"end":{"line":319,"column":54}},"319":{"start":{"line":320,"column":0},"end":{"line":320,"column":30}},"320":{"start":{"line":321,"column":0},"end":{"line":321,"column":9}},"321":{"start":{"line":322,"column":0},"end":{"line":322,"column":4}},"322":{"start":{"line":323,"column":0},"end":{"line":323,"column":22}},"323":{"start":{"line":324,"column":0},"end":{"line":324,"column":26}},"324":{"start":{"line":325,"column":0},"end":{"line":325,"column":29}},"325":{"start":{"line":326,"column":0},"end":{"line":326,"column":13}},"326":{"start":{"line":327,"column":0},"end":{"line":327,"column":71}},"327":{"start":{"line":328,"column":0},"end":{"line":328,"column":62}},"328":{"start":{"line":329,"column":0},"end":{"line":329,"column":63}},"329":{"start":{"line":330,"column":0},"end":{"line":330,"column":66}},"330":{"start":{"line":331,"column":0},"end":{"line":331,"column":77}},"331":{"start":{"line":332,"column":0},"end":{"line":332,"column":76}},"332":{"start":{"line":333,"column":0},"end":{"line":333,"column":6}},"333":{"start":{"line":334,"column":0},"end":{"line":334,"column":26}},"334":{"start":{"line":335,"column":0},"end":{"line":335,"column":38}},"335":{"start":{"line":336,"column":0},"end":{"line":336,"column":46}},"336":{"start":{"line":337,"column":0},"end":{"line":337,"column":38}},"337":{"start":{"line":338,"column":0},"end":{"line":338,"column":32}},"338":{"start":{"line":339,"column":0},"end":{"line":339,"column":30}},"339":{"start":{"line":340,"column":0},"end":{"line":340,"column":50}},"340":{"start":{"line":341,"column":0},"end":{"line":341,"column":25}},"341":{"start":{"line":342,"column":0},"end":{"line":342,"column":59}},"342":{"start":{"line":343,"column":0},"end":{"line":343,"column":9}},"343":{"start":{"line":344,"column":0},"end":{"line":344,"column":14}},"344":{"start":{"line":345,"column":0},"end":{"line":345,"column":18}},"345":{"start":{"line":346,"column":0},"end":{"line":346,"column":23}},"346":{"start":{"line":347,"column":0},"end":{"line":347,"column":21}},"347":{"start":{"line":348,"column":0},"end":{"line":348,"column":25}},"348":{"start":{"line":349,"column":0},"end":{"line":349,"column":36}},"349":{"start":{"line":350,"column":0},"end":{"line":350,"column":33}},"350":{"start":{"line":351,"column":0},"end":{"line":351,"column":33}},"351":{"start":{"line":352,"column":0},"end":{"line":352,"column":10}},"352":{"start":{"line":353,"column":0},"end":{"line":353,"column":18}},"353":{"start":{"line":354,"column":0},"end":{"line":354,"column":31}},"354":{"start":{"line":355,"column":0},"end":{"line":355,"column":8}},"355":{"start":{"line":356,"column":0},"end":{"line":356,"column":6}},"356":{"start":{"line":357,"column":0},"end":{"line":357,"column":4}},"357":{"start":{"line":358,"column":0},"end":{"line":358,"column":25}},"358":{"start":{"line":359,"column":0},"end":{"line":359,"column":29}},"359":{"start":{"line":360,"column":0},"end":{"line":360,"column":32}},"360":{"start":{"line":361,"column":0},"end":{"line":361,"column":13}},"361":{"start":{"line":362,"column":0},"end":{"line":362,"column":71}},"362":{"start":{"line":363,"column":0},"end":{"line":363,"column":62}},"363":{"start":{"line":364,"column":0},"end":{"line":364,"column":63}},"364":{"start":{"line":365,"column":0},"end":{"line":365,"column":74}},"365":{"start":{"line":366,"column":0},"end":{"line":366,"column":79}},"366":{"start":{"line":367,"column":0},"end":{"line":367,"column":76}},"367":{"start":{"line":368,"column":0},"end":{"line":368,"column":6}},"368":{"start":{"line":369,"column":0},"end":{"line":369,"column":26}},"369":{"start":{"line":370,"column":0},"end":{"line":370,"column":35}},"370":{"start":{"line":371,"column":0},"end":{"line":371,"column":53}},"371":{"start":{"line":372,"column":0},"end":{"line":372,"column":35}},"372":{"start":{"line":373,"column":0},"end":{"line":373,"column":34}},"373":{"start":{"line":374,"column":0},"end":{"line":374,"column":30}},"374":{"start":{"line":375,"column":0},"end":{"line":375,"column":27}},"375":{"start":{"line":376,"column":0},"end":{"line":376,"column":36}},"376":{"start":{"line":377,"column":0},"end":{"line":377,"column":8}},"377":{"start":{"line":378,"column":0},"end":{"line":378,"column":14}},"378":{"start":{"line":379,"column":0},"end":{"line":379,"column":18}},"379":{"start":{"line":380,"column":0},"end":{"line":380,"column":23}},"380":{"start":{"line":381,"column":0},"end":{"line":381,"column":21}},"381":{"start":{"line":382,"column":0},"end":{"line":382,"column":25}},"382":{"start":{"line":383,"column":0},"end":{"line":383,"column":25}},"383":{"start":{"line":384,"column":0},"end":{"line":384,"column":22}},"384":{"start":{"line":385,"column":0},"end":{"line":385,"column":10}},"385":{"start":{"line":386,"column":0},"end":{"line":386,"column":18}},"386":{"start":{"line":387,"column":0},"end":{"line":387,"column":8}},"387":{"start":{"line":388,"column":0},"end":{"line":388,"column":6}},"388":{"start":{"line":389,"column":0},"end":{"line":389,"column":4}},"389":{"start":{"line":390,"column":0},"end":{"line":390,"column":18}},"390":{"start":{"line":391,"column":0},"end":{"line":391,"column":22}},"391":{"start":{"line":392,"column":0},"end":{"line":392,"column":31}},"392":{"start":{"line":393,"column":0},"end":{"line":393,"column":13}},"393":{"start":{"line":394,"column":0},"end":{"line":394,"column":71}},"394":{"start":{"line":395,"column":0},"end":{"line":395,"column":62}},"395":{"start":{"line":396,"column":0},"end":{"line":396,"column":63}},"396":{"start":{"line":397,"column":0},"end":{"line":397,"column":66}},"397":{"start":{"line":398,"column":0},"end":{"line":398,"column":79}},"398":{"start":{"line":399,"column":0},"end":{"line":399,"column":76}},"399":{"start":{"line":400,"column":0},"end":{"line":400,"column":6}},"400":{"start":{"line":401,"column":0},"end":{"line":401,"column":26}},"401":{"start":{"line":402,"column":0},"end":{"line":402,"column":36}},"402":{"start":{"line":403,"column":0},"end":{"line":403,"column":53}},"403":{"start":{"line":404,"column":0},"end":{"line":404,"column":34}},"404":{"start":{"line":405,"column":0},"end":{"line":405,"column":30}},"405":{"start":{"line":406,"column":0},"end":{"line":406,"column":27}},"406":{"start":{"line":407,"column":0},"end":{"line":407,"column":26}},"407":{"start":{"line":408,"column":0},"end":{"line":408,"column":36}},"408":{"start":{"line":409,"column":0},"end":{"line":409,"column":8}},"409":{"start":{"line":410,"column":0},"end":{"line":410,"column":14}},"410":{"start":{"line":411,"column":0},"end":{"line":411,"column":18}},"411":{"start":{"line":412,"column":0},"end":{"line":412,"column":42}},"412":{"start":{"line":413,"column":0},"end":{"line":413,"column":55}},"413":{"start":{"line":414,"column":0},"end":{"line":414,"column":25}},"414":{"start":{"line":415,"column":0},"end":{"line":415,"column":43}},"415":{"start":{"line":416,"column":0},"end":{"line":416,"column":55}},"416":{"start":{"line":417,"column":0},"end":{"line":417,"column":10}},"417":{"start":{"line":418,"column":0},"end":{"line":418,"column":83}},"418":{"start":{"line":419,"column":0},"end":{"line":419,"column":8}},"419":{"start":{"line":420,"column":0},"end":{"line":420,"column":6}},"420":{"start":{"line":421,"column":0},"end":{"line":421,"column":4}},"421":{"start":{"line":422,"column":0},"end":{"line":422,"column":20}},"422":{"start":{"line":423,"column":0},"end":{"line":423,"column":24}},"423":{"start":{"line":424,"column":0},"end":{"line":424,"column":27}},"424":{"start":{"line":425,"column":0},"end":{"line":425,"column":13}},"425":{"start":{"line":426,"column":0},"end":{"line":426,"column":71}},"426":{"start":{"line":427,"column":0},"end":{"line":427,"column":66}},"427":{"start":{"line":428,"column":0},"end":{"line":428,"column":56}},"428":{"start":{"line":429,"column":0},"end":{"line":429,"column":6}},"429":{"start":{"line":430,"column":0},"end":{"line":430,"column":26}},"430":{"start":{"line":431,"column":0},"end":{"line":431,"column":98}},"431":{"start":{"line":432,"column":0},"end":{"line":432,"column":14}},"432":{"start":{"line":433,"column":0},"end":{"line":433,"column":18}},"433":{"start":{"line":434,"column":0},"end":{"line":434,"column":29}},"434":{"start":{"line":435,"column":0},"end":{"line":435,"column":29}},"435":{"start":{"line":436,"column":0},"end":{"line":436,"column":43}},"436":{"start":{"line":437,"column":0},"end":{"line":437,"column":39}},"437":{"start":{"line":438,"column":0},"end":{"line":438,"column":36}},"438":{"start":{"line":439,"column":0},"end":{"line":439,"column":10}},"439":{"start":{"line":440,"column":0},"end":{"line":440,"column":16}},"440":{"start":{"line":441,"column":0},"end":{"line":441,"column":44}},"441":{"start":{"line":442,"column":0},"end":{"line":442,"column":60}},"442":{"start":{"line":443,"column":0},"end":{"line":443,"column":42}},"443":{"start":{"line":444,"column":0},"end":{"line":444,"column":10}},"444":{"start":{"line":445,"column":0},"end":{"line":445,"column":8}},"445":{"start":{"line":446,"column":0},"end":{"line":446,"column":6}},"446":{"start":{"line":447,"column":0},"end":{"line":447,"column":4}},"447":{"start":{"line":448,"column":0},"end":{"line":448,"column":2}},"449":{"start":{"line":450,"column":0},"end":{"line":450,"column":76}},"450":{"start":{"line":451,"column":0},"end":{"line":451,"column":46}},"451":{"start":{"line":452,"column":0},"end":{"line":452,"column":25}},"452":{"start":{"line":453,"column":0},"end":{"line":453,"column":91}},"453":{"start":{"line":454,"column":0},"end":{"line":454,"column":1}},"455":{"start":{"line":456,"column":0},"end":{"line":456,"column":34}},"456":{"start":{"line":457,"column":0},"end":{"line":457,"column":19}},"457":{"start":{"line":458,"column":0},"end":{"line":458,"column":33}},"458":{"start":{"line":459,"column":0},"end":{"line":459,"column":28}},"459":{"start":{"line":460,"column":0},"end":{"line":460,"column":46}},"460":{"start":{"line":461,"column":0},"end":{"line":461,"column":27}},"461":{"start":{"line":462,"column":0},"end":{"line":462,"column":32}},"462":{"start":{"line":463,"column":0},"end":{"line":463,"column":1}}},"s":{"1":1,"37":159,"38":159,"39":159,"40":159,"42":15,"43":15,"44":15,"45":15,"46":15,"47":15,"48":15,"49":15,"50":15,"51":15,"52":15,"53":1,"54":1,"55":1,"56":1,"57":1,"58":1,"59":1,"60":1,"61":1,"62":1,"63":1,"64":1,"65":1,"66":1,"67":1,"68":1,"69":1,"70":1,"71":1,"72":1,"73":1,"74":1,"75":1,"76":1,"77":1,"78":1,"79":1,"80":1,"81":1,"82":1,"83":1,"84":1,"85":1,"86":1,"87":1,"88":1,"89":1,"90":1,"91":1,"92":1,"93":1,"94":1,"95":1,"96":1,"97":1,"98":1,"99":1,"100":1,"101":1,"102":1,"103":1,"104":1,"105":1,"106":1,"107":1,"108":1,"109":1,"110":1,"111":1,"112":1,"113":1,"114":1,"115":1,"116":1,"117":1,"118":1,"119":1,"120":1,"121":1,"122":1,"123":1,"124":1,"125":1,"126":1,"127":1,"128":1,"129":1,"130":1,"131":1,"132":1,"133":1,"134":1,"135":1,"136":1,"137":1,"138":1,"139":1,"140":1,"141":1,"142":1,"143":1,"144":1,"145":1,"146":1,"147":1,"148":1,"149":1,"150":1,"151":1,"152":1,"153":1,"154":1,"155":1,"156":1,"157":1,"158":1,"159":1,"160":1,"161":1,"162":1,"163":1,"164":1,"165":1,"166":1,"167":1,"168":1,"169":1,"170":1,"171":1,"172":1,"173":1,"174":1,"175":1,"176":1,"177":1,"178":1,"179":1,"180":1,"181":1,"182":1,"183":1,"184":1,"185":1,"186":1,"187":1,"188":1,"189":1,"190":1,"191":1,"192":1,"193":1,"194":1,"195":1,"196":1,"197":1,"198":1,"199":1,"200":1,"201":1,"202":1,"203":1,"204":1,"205":1,"206":1,"207":1,"208":1,"209":1,"210":1,"211":1,"212":1,"213":1,"214":1,"215":1,"216":1,"217":1,"218":1,"219":1,"220":1,"221":1,"222":1,"223":1,"224":1,"225":1,"226":1,"227":1,"228":1,"229":1,"230":1,"231":1,"232":1,"233":1,"234":1,"235":1,"236":1,"237":1,"238":1,"239":1,"240":1,"241":1,"242":1,"243":1,"244":1,"245":1,"246":1,"247":1,"248":1,"249":1,"250":1,"251":1,"252":1,"253":1,"254":1,"255":1,"256":1,"257":1,"258":1,"259":1,"260":1,"261":1,"262":1,"263":1,"264":1,"265":1,"266":1,"267":1,"268":1,"269":1,"270":1,"271":1,"272":1,"273":1,"274":1,"275":1,"276":1,"277":1,"278":1,"279":1,"280":1,"281":1,"282":1,"283":1,"284":1,"285":1,"286":1,"287":1,"288":1,"289":1,"290":1,"291":1,"292":1,"293":1,"294":1,"295":1,"296":1,"297":1,"298":1,"299":1,"300":1,"301":1,"302":1,"303":1,"304":1,"305":1,"306":1,"307":1,"308":1,"309":1,"310":1,"311":1,"312":1,"313":1,"314":1,"315":1,"316":1,"317":1,"318":1,"319":1,"320":1,"321":1,"322":1,"323":1,"324":1,"325":1,"326":1,"327":1,"328":1,"329":1,"330":1,"331":1,"332":1,"333":1,"334":2,"335":2,"336":2,"337":2,"338":2,"339":2,"340":2,"341":2,"342":2,"343":2,"344":2,"345":2,"346":2,"347":2,"348":2,"349":2,"350":2,"351":2,"352":2,"353":2,"354":2,"355":2,"356":1,"357":1,"358":1,"359":1,"360":1,"361":1,"362":1,"363":1,"364":1,"365":1,"366":1,"367":1,"368":1,"369":2,"370":2,"371":2,"372":2,"373":2,"374":2,"375":2,"376":2,"377":2,"378":2,"379":2,"380":2,"381":2,"382":2,"383":2,"384":2,"385":2,"386":2,"387":2,"388":1,"389":1,"390":1,"391":1,"392":1,"393":1,"394":1,"395":1,"396":1,"397":1,"398":1,"399":1,"400":1,"401":2,"402":2,"403":2,"404":2,"405":2,"406":2,"407":2,"408":2,"409":2,"410":2,"411":2,"412":2,"413":2,"414":2,"415":2,"416":2,"417":2,"418":2,"419":2,"420":1,"421":1,"422":1,"423":1,"424":1,"425":1,"426":1,"427":1,"428":1,"429":1,"430":2,"431":2,"432":2,"433":2,"434":2,"435":2,"436":2,"437":2,"438":2,"439":2,"440":2,"441":2,"442":2,"443":2,"444":2,"445":2,"446":1,"447":1,"449":1,"450":23,"451":23,"452":23,"453":23,"455":1,"456":23,"457":23,"458":23,"459":23,"460":23,"461":23,"462":23},"branchMap":{"0":{"type":"branch","line":38,"loc":{"start":{"line":38,"column":0},"end":{"line":41,"column":1}},"locations":[{"start":{"line":38,"column":0},"end":{"line":41,"column":1}}]},"1":{"type":"branch","line":40,"loc":{"start":{"line":40,"column":31},"end":{"line":40,"column":44}},"locations":[{"start":{"line":40,"column":31},"end":{"line":40,"column":44}}]},"2":{"type":"branch","line":40,"loc":{"start":{"line":40,"column":35},"end":{"line":40,"column":53}},"locations":[{"start":{"line":40,"column":35},"end":{"line":40,"column":53}}]},"3":{"type":"branch","line":43,"loc":{"start":{"line":43,"column":0},"end":{"line":53,"column":1}},"locations":[{"start":{"line":43,"column":0},"end":{"line":53,"column":1}}]},"4":{"type":"branch","line":66,"loc":{"start":{"line":66,"column":13},"end":{"line":67,"column":101}},"locations":[{"start":{"line":66,"column":13},"end":{"line":67,"column":101}}]},"5":{"type":"branch","line":80,"loc":{"start":{"line":80,"column":13},"end":{"line":81,"column":99}},"locations":[{"start":{"line":80,"column":13},"end":{"line":81,"column":99}}]},"6":{"type":"branch","line":94,"loc":{"start":{"line":94,"column":13},"end":{"line":95,"column":103}},"locations":[{"start":{"line":94,"column":13},"end":{"line":95,"column":103}}]},"7":{"type":"branch","line":108,"loc":{"start":{"line":108,"column":13},"end":{"line":109,"column":101}},"locations":[{"start":{"line":108,"column":13},"end":{"line":109,"column":101}}]},"8":{"type":"branch","line":122,"loc":{"start":{"line":122,"column":13},"end":{"line":128,"column":9}},"locations":[{"start":{"line":122,"column":13},"end":{"line":128,"column":9}}]},"9":{"type":"branch","line":141,"loc":{"start":{"line":141,"column":13},"end":{"line":147,"column":9}},"locations":[{"start":{"line":141,"column":13},"end":{"line":147,"column":9}}]},"10":{"type":"branch","line":160,"loc":{"start":{"line":160,"column":13},"end":{"line":166,"column":9}},"locations":[{"start":{"line":160,"column":13},"end":{"line":166,"column":9}}]},"11":{"type":"branch","line":179,"loc":{"start":{"line":179,"column":13},"end":{"line":185,"column":9}},"locations":[{"start":{"line":179,"column":13},"end":{"line":185,"column":9}}]},"12":{"type":"branch","line":198,"loc":{"start":{"line":198,"column":13},"end":{"line":203,"column":9}},"locations":[{"start":{"line":198,"column":13},"end":{"line":203,"column":9}}]},"13":{"type":"branch","line":215,"loc":{"start":{"line":215,"column":13},"end":{"line":216,"column":107}},"locations":[{"start":{"line":215,"column":13},"end":{"line":216,"column":107}}]},"14":{"type":"branch","line":230,"loc":{"start":{"line":230,"column":13},"end":{"line":237,"column":9}},"locations":[{"start":{"line":230,"column":13},"end":{"line":237,"column":9}}]},"15":{"type":"branch","line":250,"loc":{"start":{"line":250,"column":13},"end":{"line":255,"column":9}},"locations":[{"start":{"line":250,"column":13},"end":{"line":255,"column":9}}]},"16":{"type":"branch","line":254,"loc":{"start":{"line":254,"column":46},"end":{"line":254,"column":66}},"locations":[{"start":{"line":254,"column":46},"end":{"line":254,"column":66}}]},"17":{"type":"branch","line":269,"loc":{"start":{"line":269,"column":13},"end":{"line":275,"column":9}},"locations":[{"start":{"line":269,"column":13},"end":{"line":275,"column":9}}]},"18":{"type":"branch","line":274,"loc":{"start":{"line":274,"column":46},"end":{"line":274,"column":66}},"locations":[{"start":{"line":274,"column":46},"end":{"line":274,"column":66}}]},"19":{"type":"branch","line":290,"loc":{"start":{"line":290,"column":13},"end":{"line":298,"column":9}},"locations":[{"start":{"line":290,"column":13},"end":{"line":298,"column":9}}]},"20":{"type":"branch","line":313,"loc":{"start":{"line":313,"column":13},"end":{"line":321,"column":9}},"locations":[{"start":{"line":313,"column":13},"end":{"line":321,"column":9}}]},"21":{"type":"branch","line":334,"loc":{"start":{"line":334,"column":13},"end":{"line":356,"column":6}},"locations":[{"start":{"line":334,"column":13},"end":{"line":356,"column":6}}]},"22":{"type":"branch","line":342,"loc":{"start":{"line":342,"column":36},"end":{"line":342,"column":52}},"locations":[{"start":{"line":342,"column":36},"end":{"line":342,"column":52}}]},"23":{"type":"branch","line":369,"loc":{"start":{"line":369,"column":13},"end":{"line":388,"column":6}},"locations":[{"start":{"line":369,"column":13},"end":{"line":388,"column":6}}]},"24":{"type":"branch","line":371,"loc":{"start":{"line":371,"column":30},"end":{"line":371,"column":46}},"locations":[{"start":{"line":371,"column":30},"end":{"line":371,"column":46}}]},"25":{"type":"branch","line":401,"loc":{"start":{"line":401,"column":13},"end":{"line":420,"column":6}},"locations":[{"start":{"line":401,"column":13},"end":{"line":420,"column":6}}]},"26":{"type":"branch","line":403,"loc":{"start":{"line":403,"column":30},"end":{"line":403,"column":46}},"locations":[{"start":{"line":403,"column":30},"end":{"line":403,"column":46}}]},"27":{"type":"branch","line":412,"loc":{"start":{"line":412,"column":31},"end":{"line":412,"column":42}},"locations":[{"start":{"line":412,"column":31},"end":{"line":412,"column":42}}]},"28":{"type":"branch","line":413,"loc":{"start":{"line":413,"column":44},"end":{"line":413,"column":55}},"locations":[{"start":{"line":413,"column":44},"end":{"line":413,"column":55}}]},"29":{"type":"branch","line":415,"loc":{"start":{"line":415,"column":32},"end":{"line":415,"column":43}},"locations":[{"start":{"line":415,"column":32},"end":{"line":415,"column":43}}]},"30":{"type":"branch","line":416,"loc":{"start":{"line":416,"column":44},"end":{"line":416,"column":55}},"locations":[{"start":{"line":416,"column":44},"end":{"line":416,"column":55}}]},"31":{"type":"branch","line":418,"loc":{"start":{"line":418,"column":25},"end":{"line":418,"column":81}},"locations":[{"start":{"line":418,"column":25},"end":{"line":418,"column":81}}]},"32":{"type":"branch","line":430,"loc":{"start":{"line":430,"column":13},"end":{"line":446,"column":6}},"locations":[{"start":{"line":430,"column":13},"end":{"line":446,"column":6}}]},"33":{"type":"branch","line":450,"loc":{"start":{"line":450,"column":7},"end":{"line":454,"column":1}},"locations":[{"start":{"line":450,"column":7},"end":{"line":454,"column":1}}]},"34":{"type":"branch","line":452,"loc":{"start":{"line":452,"column":15},"end":{"line":452,"column":25}},"locations":[{"start":{"line":452,"column":15},"end":{"line":452,"column":25}}]},"35":{"type":"branch","line":453,"loc":{"start":{"line":453,"column":46},"end":{"line":453,"column":88}},"locations":[{"start":{"line":453,"column":46},"end":{"line":453,"column":88}}]},"36":{"type":"branch","line":456,"loc":{"start":{"line":456,"column":7},"end":{"line":463,"column":1}},"locations":[{"start":{"line":456,"column":7},"end":{"line":463,"column":1}}]},"37":{"type":"branch","line":461,"loc":{"start":{"line":461,"column":15},"end":{"line":461,"column":27}},"locations":[{"start":{"line":461,"column":15},"end":{"line":461,"column":27}}]}},"b":{"0":[159],"1":[132],"2":[27],"3":[15],"4":[1],"5":[1],"6":[1],"7":[1],"8":[1],"9":[1],"10":[1],"11":[1],"12":[1],"13":[1],"14":[1],"15":[1],"16":[0],"17":[1],"18":[0],"19":[1],"20":[1],"21":[2],"22":[0],"23":[2],"24":[0],"25":[2],"26":[0],"27":[0],"28":[0],"29":[0],"30":[0],"31":[92],"32":[2],"33":[23],"34":[0],"35":[137],"36":[23],"37":[0]},"fnMap":{"0":{"name":"num","decl":{"start":{"line":38,"column":0},"end":{"line":41,"column":1}},"loc":{"start":{"line":38,"column":0},"end":{"line":41,"column":1}},"line":38},"1":{"name":"baseInputs","decl":{"start":{"line":43,"column":0},"end":{"line":53,"column":1}},"loc":{"start":{"line":43,"column":0},"end":{"line":53,"column":1}},"line":43},"2":{"name":"compute","decl":{"start":{"line":66,"column":13},"end":{"line":67,"column":101}},"loc":{"start":{"line":66,"column":13},"end":{"line":67,"column":101}},"line":66},"3":{"name":"compute","decl":{"start":{"line":80,"column":13},"end":{"line":81,"column":99}},"loc":{"start":{"line":80,"column":13},"end":{"line":81,"column":99}},"line":80},"4":{"name":"compute","decl":{"start":{"line":94,"column":13},"end":{"line":95,"column":103}},"loc":{"start":{"line":94,"column":13},"end":{"line":95,"column":103}},"line":94},"5":{"name":"compute","decl":{"start":{"line":108,"column":13},"end":{"line":109,"column":101}},"loc":{"start":{"line":108,"column":13},"end":{"line":109,"column":101}},"line":108},"6":{"name":"compute","decl":{"start":{"line":122,"column":13},"end":{"line":128,"column":9}},"loc":{"start":{"line":122,"column":13},"end":{"line":128,"column":9}},"line":122},"7":{"name":"compute","decl":{"start":{"line":141,"column":13},"end":{"line":147,"column":9}},"loc":{"start":{"line":141,"column":13},"end":{"line":147,"column":9}},"line":141},"8":{"name":"compute","decl":{"start":{"line":160,"column":13},"end":{"line":166,"column":9}},"loc":{"start":{"line":160,"column":13},"end":{"line":166,"column":9}},"line":160},"9":{"name":"compute","decl":{"start":{"line":179,"column":13},"end":{"line":185,"column":9}},"loc":{"start":{"line":179,"column":13},"end":{"line":185,"column":9}},"line":179},"10":{"name":"compute","decl":{"start":{"line":198,"column":13},"end":{"line":203,"column":9}},"loc":{"start":{"line":198,"column":13},"end":{"line":203,"column":9}},"line":198},"11":{"name":"compute","decl":{"start":{"line":215,"column":13},"end":{"line":216,"column":107}},"loc":{"start":{"line":215,"column":13},"end":{"line":216,"column":107}},"line":215},"12":{"name":"compute","decl":{"start":{"line":230,"column":13},"end":{"line":237,"column":9}},"loc":{"start":{"line":230,"column":13},"end":{"line":237,"column":9}},"line":230},"13":{"name":"compute","decl":{"start":{"line":250,"column":13},"end":{"line":255,"column":9}},"loc":{"start":{"line":250,"column":13},"end":{"line":255,"column":9}},"line":250},"14":{"name":"compute","decl":{"start":{"line":269,"column":13},"end":{"line":275,"column":9}},"loc":{"start":{"line":269,"column":13},"end":{"line":275,"column":9}},"line":269},"15":{"name":"compute","decl":{"start":{"line":290,"column":13},"end":{"line":298,"column":9}},"loc":{"start":{"line":290,"column":13},"end":{"line":298,"column":9}},"line":290},"16":{"name":"compute","decl":{"start":{"line":313,"column":13},"end":{"line":321,"column":9}},"loc":{"start":{"line":313,"column":13},"end":{"line":321,"column":9}},"line":313},"17":{"name":"compute","decl":{"start":{"line":334,"column":13},"end":{"line":356,"column":6}},"loc":{"start":{"line":334,"column":13},"end":{"line":356,"column":6}},"line":334},"18":{"name":"compute","decl":{"start":{"line":369,"column":13},"end":{"line":388,"column":6}},"loc":{"start":{"line":369,"column":13},"end":{"line":388,"column":6}},"line":369},"19":{"name":"compute","decl":{"start":{"line":401,"column":13},"end":{"line":420,"column":6}},"loc":{"start":{"line":401,"column":13},"end":{"line":420,"column":6}},"line":401},"20":{"name":"compute","decl":{"start":{"line":430,"column":13},"end":{"line":446,"column":6}},"loc":{"start":{"line":430,"column":13},"end":{"line":446,"column":6}},"line":430},"21":{"name":"getDefaultValues","decl":{"start":{"line":450,"column":7},"end":{"line":454,"column":1}},"loc":{"start":{"line":450,"column":7},"end":{"line":454,"column":1}},"line":450},"22":{"name":"computeCalculator","decl":{"start":{"line":456,"column":7},"end":{"line":463,"column":1}},"loc":{"start":{"line":456,"column":7},"end":{"line":463,"column":1}},"line":456}},"f":{"0":159,"1":15,"2":1,"3":1,"4":1,"5":1,"6":1,"7":1,"8":1,"9":1,"10":1,"11":1,"12":1,"13":1,"14":1,"15":1,"16":1,"17":2,"18":2,"19":2,"20":2,"21":23,"22":23}}
,"/workspace/packages/options-core/src/catalog.ts": {"path":"/workspace/packages/options-core/src/catalog.ts","all":false,"statementMap":{"2":{"start":{"line":3,"column":0},"end":{"line":3,"column":49}},"3":{"start":{"line":4,"column":0},"end":{"line":4,"column":3}},"4":{"start":{"line":5,"column":0},"end":{"line":5,"column":20}},"5":{"start":{"line":6,"column":0},"end":{"line":6,"column":22}},"6":{"start":{"line":7,"column":0},"end":{"line":7,"column":27}},"7":{"start":{"line":8,"column":0},"end":{"line":8,"column":75}},"8":{"start":{"line":9,"column":0},"end":{"line":9,"column":4}},"9":{"start":{"line":10,"column":0},"end":{"line":10,"column":3}},"10":{"start":{"line":11,"column":0},"end":{"line":11,"column":19}},"11":{"start":{"line":12,"column":0},"end":{"line":12,"column":21}},"12":{"start":{"line":13,"column":0},"end":{"line":13,"column":27}},"13":{"start":{"line":14,"column":0},"end":{"line":14,"column":75}},"14":{"start":{"line":15,"column":0},"end":{"line":15,"column":4}},"15":{"start":{"line":16,"column":0},"end":{"line":16,"column":3}},"16":{"start":{"line":17,"column":0},"end":{"line":17,"column":21}},"17":{"start":{"line":18,"column":0},"end":{"line":18,"column":23}},"18":{"start":{"line":19,"column":0},"end":{"line":19,"column":27}},"19":{"start":{"line":20,"column":0},"end":{"line":20,"column":91}},"20":{"start":{"line":21,"column":0},"end":{"line":21,"column":4}},"21":{"start":{"line":22,"column":0},"end":{"line":22,"column":3}},"22":{"start":{"line":23,"column":0},"end":{"line":23,"column":20}},"23":{"start":{"line":24,"column":0},"end":{"line":24,"column":22}},"24":{"start":{"line":25,"column":0},"end":{"line":25,"column":27}},"25":{"start":{"line":26,"column":0},"end":{"line":26,"column":93}},"26":{"start":{"line":27,"column":0},"end":{"line":27,"column":4}},"27":{"start":{"line":28,"column":0},"end":{"line":28,"column":3}},"28":{"start":{"line":29,"column":0},"end":{"line":29,"column":27}},"29":{"start":{"line":30,"column":0},"end":{"line":30,"column":29}},"30":{"start":{"line":31,"column":0},"end":{"line":31,"column":25}},"31":{"start":{"line":32,"column":0},"end":{"line":32,"column":85}},"32":{"start":{"line":33,"column":0},"end":{"line":33,"column":4}},"33":{"start":{"line":34,"column":0},"end":{"line":34,"column":3}},"34":{"start":{"line":35,"column":0},"end":{"line":35,"column":26}},"35":{"start":{"line":36,"column":0},"end":{"line":36,"column":28}},"36":{"start":{"line":37,"column":0},"end":{"line":37,"column":25}},"37":{"start":{"line":38,"column":0},"end":{"line":38,"column":77}},"38":{"start":{"line":39,"column":0},"end":{"line":39,"column":4}},"39":{"start":{"line":40,"column":0},"end":{"line":40,"column":3}},"40":{"start":{"line":41,"column":0},"end":{"line":41,"column":26}},"41":{"start":{"line":42,"column":0},"end":{"line":42,"column":28}},"42":{"start":{"line":43,"column":0},"end":{"line":43,"column":25}},"43":{"start":{"line":44,"column":0},"end":{"line":44,"column":84}},"44":{"start":{"line":45,"column":0},"end":{"line":45,"column":4}},"45":{"start":{"line":46,"column":0},"end":{"line":46,"column":3}},"46":{"start":{"line":47,"column":0},"end":{"line":47,"column":27}},"47":{"start":{"line":48,"column":0},"end":{"line":48,"column":29}},"48":{"start":{"line":49,"column":0},"end":{"line":49,"column":25}},"49":{"start":{"line":50,"column":0},"end":{"line":50,"column":77}},"50":{"start":{"line":51,"column":0},"end":{"line":51,"column":4}},"51":{"start":{"line":52,"column":0},"end":{"line":52,"column":3}},"52":{"start":{"line":53,"column":0},"end":{"line":53,"column":23}},"53":{"start":{"line":54,"column":0},"end":{"line":54,"column":25}},"54":{"start":{"line":55,"column":0},"end":{"line":55,"column":23}},"55":{"start":{"line":56,"column":0},"end":{"line":56,"column":90}},"56":{"start":{"line":57,"column":0},"end":{"line":57,"column":4}},"57":{"start":{"line":58,"column":0},"end":{"line":58,"column":3}},"58":{"start":{"line":59,"column":0},"end":{"line":59,"column":27}},"59":{"start":{"line":60,"column":0},"end":{"line":60,"column":29}},"60":{"start":{"line":61,"column":0},"end":{"line":61,"column":23}},"61":{"start":{"line":62,"column":0},"end":{"line":62,"column":87}},"62":{"start":{"line":63,"column":0},"end":{"line":63,"column":4}},"63":{"start":{"line":64,"column":0},"end":{"line":64,"column":3}},"64":{"start":{"line":65,"column":0},"end":{"line":65,"column":15}},"65":{"start":{"line":66,"column":0},"end":{"line":66,"column":36}},"66":{"start":{"line":67,"column":0},"end":{"line":67,"column":23}},"67":{"start":{"line":68,"column":0},"end":{"line":68,"column":86}},"68":{"start":{"line":69,"column":0},"end":{"line":69,"column":4}},"69":{"start":{"line":70,"column":0},"end":{"line":70,"column":3}},"70":{"start":{"line":71,"column":0},"end":{"line":71,"column":19}},"71":{"start":{"line":72,"column":0},"end":{"line":72,"column":21}},"72":{"start":{"line":73,"column":0},"end":{"line":73,"column":27}},"73":{"start":{"line":74,"column":0},"end":{"line":74,"column":84}},"74":{"start":{"line":75,"column":0},"end":{"line":75,"column":4}},"75":{"start":{"line":76,"column":0},"end":{"line":76,"column":3}},"76":{"start":{"line":77,"column":0},"end":{"line":77,"column":19}},"77":{"start":{"line":78,"column":0},"end":{"line":78,"column":21}},"78":{"start":{"line":79,"column":0},"end":{"line":79,"column":27}},"79":{"start":{"line":80,"column":0},"end":{"line":80,"column":84}},"80":{"start":{"line":81,"column":0},"end":{"line":81,"column":4}},"81":{"start":{"line":82,"column":0},"end":{"line":82,"column":3}},"82":{"start":{"line":83,"column":0},"end":{"line":83,"column":22}},"83":{"start":{"line":84,"column":0},"end":{"line":84,"column":24}},"84":{"start":{"line":85,"column":0},"end":{"line":85,"column":27}},"85":{"start":{"line":86,"column":0},"end":{"line":86,"column":92}},"86":{"start":{"line":87,"column":0},"end":{"line":87,"column":4}},"87":{"start":{"line":88,"column":0},"end":{"line":88,"column":3}},"88":{"start":{"line":89,"column":0},"end":{"line":89,"column":25}},"89":{"start":{"line":90,"column":0},"end":{"line":90,"column":27}},"90":{"start":{"line":91,"column":0},"end":{"line":91,"column":27}},"91":{"start":{"line":92,"column":0},"end":{"line":92,"column":95}},"92":{"start":{"line":93,"column":0},"end":{"line":93,"column":4}},"93":{"start":{"line":94,"column":0},"end":{"line":94,"column":3}},"94":{"start":{"line":95,"column":0},"end":{"line":95,"column":26}},"95":{"start":{"line":96,"column":0},"end":{"line":96,"column":28}},"96":{"start":{"line":97,"column":0},"end":{"line":97,"column":24}},"97":{"start":{"line":98,"column":0},"end":{"line":98,"column":80}},"98":{"start":{"line":99,"column":0},"end":{"line":99,"column":4}},"99":{"start":{"line":100,"column":0},"end":{"line":100,"column":3}},"100":{"start":{"line":101,"column":0},"end":{"line":101,"column":29}},"101":{"start":{"line":102,"column":0},"end":{"line":102,"column":31}},"102":{"start":{"line":103,"column":0},"end":{"line":103,"column":24}},"103":{"start":{"line":104,"column":0},"end":{"line":104,"column":60}},"104":{"start":{"line":105,"column":0},"end":{"line":105,"column":4}},"105":{"start":{"line":106,"column":0},"end":{"line":106,"column":3}},"106":{"start":{"line":107,"column":0},"end":{"line":107,"column":22}},"107":{"start":{"line":108,"column":0},"end":{"line":108,"column":30}},"108":{"start":{"line":109,"column":0},"end":{"line":109,"column":24}},"109":{"start":{"line":110,"column":0},"end":{"line":110,"column":66}},"110":{"start":{"line":111,"column":0},"end":{"line":111,"column":4}},"111":{"start":{"line":112,"column":0},"end":{"line":112,"column":3}},"112":{"start":{"line":113,"column":0},"end":{"line":113,"column":24}},"113":{"start":{"line":114,"column":0},"end":{"line":114,"column":26}},"114":{"start":{"line":115,"column":0},"end":{"line":115,"column":24}},"115":{"start":{"line":116,"column":0},"end":{"line":116,"column":101}},"116":{"start":{"line":117,"column":0},"end":{"line":117,"column":4}},"117":{"start":{"line":118,"column":0},"end":{"line":118,"column":2}},"119":{"start":{"line":120,"column":0},"end":{"line":120,"column":77}},"120":{"start":{"line":121,"column":0},"end":{"line":121,"column":59}},"121":{"start":{"line":122,"column":0},"end":{"line":122,"column":1}},"123":{"start":{"line":124,"column":0},"end":{"line":124,"column":40}},"124":{"start":{"line":125,"column":0},"end":{"line":125,"column":43}},"125":{"start":{"line":126,"column":0},"end":{"line":126,"column":25}},"126":{"start":{"line":127,"column":0},"end":{"line":127,"column":73}},"127":{"start":{"line":128,"column":0},"end":{"line":128,"column":1}},"129":{"start":{"line":130,"column":0},"end":{"line":130,"column":80}},"130":{"start":{"line":131,"column":0},"end":{"line":131,"column":40}},"131":{"start":{"line":132,"column":0},"end":{"line":132,"column":31}},"132":{"start":{"line":133,"column":0},"end":{"line":133,"column":30}},"133":{"start":{"line":134,"column":0},"end":{"line":134,"column":38}},"134":{"start":{"line":135,"column":0},"end":{"line":135,"column":30}},"135":{"start":{"line":136,"column":0},"end":{"line":136,"column":2}},"137":{"start":{"line":138,"column":0},"end":{"line":138,"column":58}},"138":{"start":{"line":139,"column":0},"end":{"line":139,"column":15}},"139":{"start":{"line":140,"column":0},"end":{"line":140,"column":13}},"140":{"start":{"line":141,"column":0},"end":{"line":141,"column":11}},"141":{"start":{"line":142,"column":0},"end":{"line":142,"column":15}},"142":{"start":{"line":143,"column":0},"end":{"line":143,"column":12}},"143":{"start":{"line":144,"column":0},"end":{"line":144,"column":2}},"145":{"start":{"line":146,"column":0},"end":{"line":146,"column":47}},"149":{"start":{"line":150,"column":0},"end":{"line":150,"column":4}},"150":{"start":{"line":151,"column":0},"end":{"line":151,"column":44}},"151":{"start":{"line":152,"column":0},"end":{"line":152,"column":13}},"152":{"start":{"line":153,"column":0},"end":{"line":153,"column":37}},"153":{"start":{"line":154,"column":0},"end":{"line":154,"column":66}},"154":{"start":{"line":155,"column":0},"end":{"line":155,"column":6}},"155":{"start":{"line":156,"column":0},"end":{"line":156,"column":1}}},"s":{"2":1,"3":1,"4":1,"5":1,"6":1,"7":1,"8":1,"9":1,"10":1,"11":1,"12":1,"13":1,"14":1,"15":1,"16":1,"17":1,"18":1,"19":1,"20":1,"21":1,"22":1,"23":1,"24":1,"25":1,"26":1,"27":1,"28":1,"29":1,"30":1,"31":1,"32":1,"33":1,"34":1,"35":1,"36":1,"37":1,"38":1,"39":1,"40":1,"41":1,"42":1,"43":1,"44":1,"45":1,"46":1,"47":1,"48":1,"49":1,"50":1,"51":1,"52":1,"53":1,"54":1,"55":1,"56":1,"57":1,"58":1,"59":1,"60":1,"61":1,"62":1,"63":1,"64":1,"65":1,"66":1,"67":1,"68":1,"69":1,"70":1,"71":1,"72":1,"73":1,"74":1,"75":1,"76":1,"77":1,"78":1,"79":1,"80":1,"81":1,"82":1,"83":1,"84":1,"85":1,"86":1,"87":1,"88":1,"89":1,"90":1,"91":1,"92":1,"93":1,"94":1,"95":1,"96":1,"97":1,"98":1,"99":1,"100":1,"101":1,"102":1,"103":1,"104":1,"105":1,"106":1,"107":1,"108":1,"109":1,"110":1,"111":1,"112":1,"113":1,"114":1,"115":1,"116":1,"117":1,"119":1,"120":0,"121":0,"123":1,"124":0,"125":0,"126":0,"127":0,"129":1,"130":1,"131":1,"132":1,"133":1,"134":1,"135":1,"137":1,"138":1,"139":1,"140":1,"141":1,"142":1,"143":1,"145":1,"149":0,"150":0,"151":0,"152":0,"153":0,"154":0,"155":0},"branchMap":{},"b":{},"fnMap":{"0":{"name":"getStrategyById","decl":{"start":{"line":120,"column":7},"end":{"line":122,"column":1}},"loc":{"start":{"line":120,"column":7},"end":{"line":122,"column":1}},"line":120},"1":{"name":"getStrategiesByCategory","decl":{"start":{"line":124,"column":7},"end":{"line":128,"column":1}},"loc":{"start":{"line":124,"column":7},"end":{"line":128,"column":1}},"line":124},"2":{"name":"getGroupedStrategies","decl":{"start":{"line":146,"column":7},"end":{"line":156,"column":1}},"loc":{"start":{"line":146,"column":7},"end":{"line":156,"column":1}},"line":146}},"f":{"0":0,"1":0,"2":0}}
,"/workspace/packages/options-core/src/index.ts": {"path":"/workspace/packages/options-core/src/index.ts","all":false,"statementMap":{"0":{"start":{"line":1,"column":0},"end":{"line":1,"column":27}},"1":{"start":{"line":2,"column":0},"end":{"line":2,"column":29}},"2":{"start":{"line":3,"column":0},"end":{"line":3,"column":40}},"3":{"start":{"line":4,"column":0},"end":{"line":4,"column":40}},"4":{"start":{"line":5,"column":0},"end":{"line":5,"column":37}},"5":{"start":{"line":6,"column":0},"end":{"line":6,"column":32}},"6":{"start":{"line":7,"column":0},"end":{"line":7,"column":38}}},"s":{"0":1,"1":1,"2":1,"3":1,"4":1,"5":1,"6":1},"branchMap":{},"b":{},"fnMap":{},"f":{}}
,"/workspace/packages/options-core/src/types.ts": {"path":"/workspace/packages/options-core/src/types.ts","all":false,"statementMap":{},"s":{},"branchMap":{},"b":{},"fnMap":{},"f":{}}
,"/workspace/packages/options-core/src/math/black-scholes.ts": {"path":"/workspace/packages/options-core/src/math/black-scholes.ts","all":false,"statementMap":{"1":{"start":{"line":2,"column":0},"end":{"line":2,"column":80}},"3":{"start":{"line":4,"column":0},"end":{"line":4,"column":24}},"4":{"start":{"line":5,"column":0},"end":{"line":5,"column":21}},"5":{"start":{"line":6,"column":0},"end":{"line":6,"column":17}},"6":{"start":{"line":7,"column":0},"end":{"line":7,"column":14}},"7":{"start":{"line":8,"column":0},"end":{"line":8,"column":13}},"8":{"start":{"line":9,"column":0},"end":{"line":9,"column":23}},"9":{"start":{"line":10,"column":0},"end":{"line":10,"column":9}},"10":{"start":{"line":11,"column":0},"end":{"line":11,"column":71}},"11":{"start":{"line":12,"column":0},"end":{"line":12,"column":62}},"12":{"start":{"line":13,"column":0},"end":{"line":13,"column":57}},"13":{"start":{"line":14,"column":0},"end":{"line":14,"column":54}},"14":{"start":{"line":15,"column":0},"end":{"line":15,"column":77}},"15":{"start":{"line":16,"column":0},"end":{"line":16,"column":1}},"17":{"start":{"line":18,"column":0},"end":{"line":18,"column":33}},"18":{"start":{"line":19,"column":0},"end":{"line":19,"column":21}},"19":{"start":{"line":20,"column":0},"end":{"line":20,"column":17}},"20":{"start":{"line":21,"column":0},"end":{"line":21,"column":14}},"21":{"start":{"line":22,"column":0},"end":{"line":22,"column":20}},"22":{"start":{"line":23,"column":0},"end":{"line":23,"column":30}},"23":{"start":{"line":24,"column":0},"end":{"line":24,"column":27}},"24":{"start":{"line":25,"column":0},"end":{"line":25,"column":11}},"25":{"start":{"line":26,"column":0},"end":{"line":26,"column":74}},"26":{"start":{"line":27,"column":0},"end":{"line":27,"column":38}},"27":{"start":{"line":28,"column":0},"end":{"line":28,"column":29}},"28":{"start":{"line":29,"column":0},"end":{"line":29,"column":41}},"29":{"start":{"line":30,"column":0},"end":{"line":30,"column":41}},"31":{"start":{"line":32,"column":0},"end":{"line":32,"column":62}},"33":{"start":{"line":34,"column":0},"end":{"line":34,"column":81}},"34":{"start":{"line":35,"column":0},"end":{"line":35,"column":53}},"35":{"start":{"line":36,"column":0},"end":{"line":36,"column":52}},"37":{"start":{"line":38,"column":0},"end":{"line":38,"column":18}},"38":{"start":{"line":39,"column":0},"end":{"line":39,"column":6}},"39":{"start":{"line":40,"column":0},"end":{"line":40,"column":90}},"40":{"start":{"line":41,"column":0},"end":{"line":41,"column":4}},"41":{"start":{"line":42,"column":0},"end":{"line":42,"column":1}},"43":{"start":{"line":44,"column":0},"end":{"line":44,"column":32}},"44":{"start":{"line":45,"column":0},"end":{"line":45,"column":21}},"45":{"start":{"line":46,"column":0},"end":{"line":46,"column":17}},"46":{"start":{"line":47,"column":0},"end":{"line":47,"column":14}},"47":{"start":{"line":48,"column":0},"end":{"line":48,"column":20}},"48":{"start":{"line":49,"column":0},"end":{"line":49,"column":30}},"49":{"start":{"line":50,"column":0},"end":{"line":50,"column":27}},"50":{"start":{"line":51,"column":0},"end":{"line":51,"column":11}},"51":{"start":{"line":52,"column":0},"end":{"line":52,"column":74}},"52":{"start":{"line":53,"column":0},"end":{"line":53,"column":38}},"53":{"start":{"line":54,"column":0},"end":{"line":54,"column":29}},"54":{"start":{"line":55,"column":0},"end":{"line":55,"column":41}},"55":{"start":{"line":56,"column":0},"end":{"line":56,"column":41}},"57":{"start":{"line":58,"column":0},"end":{"line":58,"column":62}},"58":{"start":{"line":59,"column":0},"end":{"line":59,"column":70}},"60":{"start":{"line":61,"column":0},"end":{"line":61,"column":81}},"61":{"start":{"line":62,"column":0},"end":{"line":62,"column":53}},"62":{"start":{"line":63,"column":0},"end":{"line":63,"column":52}},"64":{"start":{"line":65,"column":0},"end":{"line":65,"column":18}},"65":{"start":{"line":66,"column":0},"end":{"line":66,"column":6}},"66":{"start":{"line":67,"column":0},"end":{"line":67,"column":92}},"67":{"start":{"line":68,"column":0},"end":{"line":68,"column":4}},"68":{"start":{"line":69,"column":0},"end":{"line":69,"column":1}},"70":{"start":{"line":71,"column":0},"end":{"line":71,"column":28}},"71":{"start":{"line":72,"column":0},"end":{"line":72,"column":19}},"72":{"start":{"line":73,"column":0},"end":{"line":73,"column":21}},"73":{"start":{"line":74,"column":0},"end":{"line":74,"column":17}},"74":{"start":{"line":75,"column":0},"end":{"line":75,"column":14}},"75":{"start":{"line":76,"column":0},"end":{"line":76,"column":20}},"76":{"start":{"line":77,"column":0},"end":{"line":77,"column":30}},"77":{"start":{"line":78,"column":0},"end":{"line":78,"column":27}},"78":{"start":{"line":79,"column":0},"end":{"line":79,"column":11}},"79":{"start":{"line":80,"column":0},"end":{"line":80,"column":24}},"80":{"start":{"line":81,"column":0},"end":{"line":81,"column":101}},"81":{"start":{"line":82,"column":0},"end":{"line":82,"column":101}},"82":{"start":{"line":83,"column":0},"end":{"line":83,"column":1}},"84":{"start":{"line":85,"column":0},"end":{"line":85,"column":32}},"85":{"start":{"line":86,"column":0},"end":{"line":86,"column":19}},"86":{"start":{"line":87,"column":0},"end":{"line":87,"column":21}},"87":{"start":{"line":88,"column":0},"end":{"line":88,"column":17}},"88":{"start":{"line":89,"column":0},"end":{"line":89,"column":14}},"89":{"start":{"line":90,"column":0},"end":{"line":90,"column":20}},"90":{"start":{"line":91,"column":0},"end":{"line":91,"column":30}},"91":{"start":{"line":92,"column":0},"end":{"line":92,"column":27}},"92":{"start":{"line":93,"column":0},"end":{"line":93,"column":11}},"93":{"start":{"line":94,"column":0},"end":{"line":94,"column":38}},"94":{"start":{"line":95,"column":0},"end":{"line":95,"column":29}},"95":{"start":{"line":96,"column":0},"end":{"line":96,"column":41}},"96":{"start":{"line":97,"column":0},"end":{"line":97,"column":41}},"98":{"start":{"line":99,"column":0},"end":{"line":99,"column":34}},"99":{"start":{"line":100,"column":0},"end":{"line":100,"column":108}},"100":{"start":{"line":101,"column":0},"end":{"line":101,"column":17}},"101":{"start":{"line":102,"column":0},"end":{"line":102,"column":21}},"102":{"start":{"line":103,"column":0},"end":{"line":103,"column":29}},"103":{"start":{"line":104,"column":0},"end":{"line":104,"column":13}},"104":{"start":{"line":105,"column":0},"end":{"line":105,"column":31}},"105":{"start":{"line":106,"column":0},"end":{"line":106,"column":15}},"106":{"start":{"line":107,"column":0},"end":{"line":107,"column":17}},"107":{"start":{"line":108,"column":0},"end":{"line":108,"column":29}},"108":{"start":{"line":109,"column":0},"end":{"line":109,"column":14}},"109":{"start":{"line":110,"column":0},"end":{"line":110,"column":31}},"110":{"start":{"line":111,"column":0},"end":{"line":111,"column":15}},"111":{"start":{"line":112,"column":0},"end":{"line":112,"column":19}},"112":{"start":{"line":113,"column":0},"end":{"line":113,"column":58}},"113":{"start":{"line":114,"column":0},"end":{"line":114,"column":3}},"115":{"start":{"line":116,"column":0},"end":{"line":116,"column":81}},"116":{"start":{"line":117,"column":0},"end":{"line":117,"column":37}},"117":{"start":{"line":118,"column":0},"end":{"line":118,"column":30}},"118":{"start":{"line":119,"column":0},"end":{"line":119,"column":53}},"119":{"start":{"line":120,"column":0},"end":{"line":120,"column":52}},"121":{"start":{"line":122,"column":0},"end":{"line":122,"column":69}},"122":{"start":{"line":123,"column":0},"end":{"line":123,"column":67}},"124":{"start":{"line":125,"column":0},"end":{"line":125,"column":24}},"125":{"start":{"line":126,"column":0},"end":{"line":126,"column":49}},"126":{"start":{"line":127,"column":0},"end":{"line":127,"column":17}},"127":{"start":{"line":128,"column":0},"end":{"line":128,"column":66}},"128":{"start":{"line":129,"column":0},"end":{"line":129,"column":56}},"129":{"start":{"line":130,"column":0},"end":{"line":130,"column":60}},"130":{"start":{"line":131,"column":0},"end":{"line":131,"column":10}},"131":{"start":{"line":132,"column":0},"end":{"line":132,"column":76}},"132":{"start":{"line":133,"column":0},"end":{"line":133,"column":46}},"133":{"start":{"line":134,"column":0},"end":{"line":134,"column":3}},"135":{"start":{"line":136,"column":0},"end":{"line":136,"column":49}},"136":{"start":{"line":137,"column":0},"end":{"line":137,"column":15}},"137":{"start":{"line":138,"column":0},"end":{"line":138,"column":64}},"138":{"start":{"line":139,"column":0},"end":{"line":139,"column":55}},"139":{"start":{"line":140,"column":0},"end":{"line":140,"column":59}},"140":{"start":{"line":141,"column":0},"end":{"line":141,"column":8}},"141":{"start":{"line":142,"column":0},"end":{"line":142,"column":76}},"142":{"start":{"line":143,"column":0},"end":{"line":143,"column":44}},"143":{"start":{"line":144,"column":0},"end":{"line":144,"column":1}},"145":{"start":{"line":146,"column":0},"end":{"line":146,"column":94}},"146":{"start":{"line":147,"column":0},"end":{"line":147,"column":95}},"147":{"start":{"line":148,"column":0},"end":{"line":148,"column":1}},"149":{"start":{"line":150,"column":0},"end":{"line":150,"column":32}},"150":{"start":{"line":151,"column":0},"end":{"line":151,"column":19}},"151":{"start":{"line":152,"column":0},"end":{"line":152,"column":25}},"152":{"start":{"line":153,"column":0},"end":{"line":153,"column":21}},"153":{"start":{"line":154,"column":0},"end":{"line":154,"column":17}},"154":{"start":{"line":155,"column":0},"end":{"line":155,"column":18}},"155":{"start":{"line":156,"column":0},"end":{"line":156,"column":15}},"156":{"start":{"line":157,"column":0},"end":{"line":157,"column":27}},"157":{"start":{"line":158,"column":0},"end":{"line":158,"column":11}},"158":{"start":{"line":159,"column":0},"end":{"line":159,"column":61}},"159":{"start":{"line":160,"column":0},"end":{"line":160,"column":77}},"160":{"start":{"line":161,"column":0},"end":{"line":161,"column":48}},"161":{"start":{"line":162,"column":0},"end":{"line":162,"column":1}}},"s":{"1":1,"3":595,"4":595,"5":595,"6":595,"7":595,"8":595,"9":595,"10":595,"11":595,"12":595,"13":595,"14":595,"15":595,"17":1,"18":426,"19":426,"20":426,"21":426,"22":426,"23":426,"24":426,"25":426,"26":426,"27":426,"28":426,"29":426,"31":426,"33":414,"34":414,"35":414,"37":414,"38":414,"39":414,"40":414,"41":414,"43":1,"44":169,"45":169,"46":169,"47":169,"48":169,"49":169,"50":169,"51":169,"52":169,"53":169,"54":169,"55":169,"57":169,"58":169,"60":166,"61":166,"62":166,"64":166,"65":166,"66":166,"67":166,"68":166,"70":1,"71":77,"72":77,"73":77,"74":77,"75":77,"76":77,"77":77,"78":77,"79":77,"80":42,"81":35,"82":77,"84":1,"85":50,"86":50,"87":50,"88":50,"89":50,"90":50,"91":50,"92":50,"93":50,"94":50,"95":50,"96":50,"98":50,"99":0,"100":0,"101":0,"102":0,"103":0,"104":0,"105":0,"106":0,"107":0,"108":0,"109":0,"110":0,"111":0,"112":0,"113":0,"115":50,"116":50,"117":50,"118":50,"119":50,"121":50,"122":50,"124":50,"125":26,"126":26,"127":26,"128":26,"129":26,"130":26,"131":26,"132":26,"133":26,"135":24,"136":24,"137":24,"138":24,"139":24,"140":24,"141":24,"142":24,"143":24,"145":1,"146":10575,"147":10575,"149":1,"150":10572,"151":10572,"152":10572,"153":10572,"154":10572,"155":10572,"156":10572,"157":10572,"158":10572,"159":10572,"160":10572,"161":10572},"branchMap":{"0":{"type":"branch","line":4,"loc":{"start":{"line":4,"column":0},"end":{"line":16,"column":1}},"locations":[{"start":{"line":4,"column":0},"end":{"line":16,"column":1}}]},"1":{"type":"branch","line":11,"loc":{"start":{"line":11,"column":23},"end":{"line":11,"column":71}},"locations":[{"start":{"line":11,"column":23},"end":{"line":11,"column":71}}]},"2":{"type":"branch","line":11,"loc":{"start":{"line":11,"column":69},"end":{"line":12,"column":25}},"locations":[{"start":{"line":11,"column":69},"end":{"line":12,"column":25}}]},"3":{"type":"branch","line":12,"loc":{"start":{"line":12,"column":19},"end":{"line":12,"column":62}},"locations":[{"start":{"line":12,"column":19},"end":{"line":12,"column":62}}]},"4":{"type":"branch","line":12,"loc":{"start":{"line":12,"column":60},"end":{"line":13,"column":21}},"locations":[{"start":{"line":12,"column":60},"end":{"line":13,"column":21}}]},"5":{"type":"branch","line":13,"loc":{"start":{"line":13,"column":15},"end":{"line":13,"column":57}},"locations":[{"start":{"line":13,"column":15},"end":{"line":13,"column":57}}]},"6":{"type":"branch","line":13,"loc":{"start":{"line":13,"column":55},"end":{"line":14,"column":21}},"locations":[{"start":{"line":13,"column":55},"end":{"line":14,"column":21}}]},"7":{"type":"branch","line":14,"loc":{"start":{"line":14,"column":15},"end":{"line":14,"column":54}},"locations":[{"start":{"line":14,"column":15},"end":{"line":14,"column":54}}]},"8":{"type":"branch","line":14,"loc":{"start":{"line":14,"column":52},"end":{"line":15,"column":30}},"locations":[{"start":{"line":14,"column":52},"end":{"line":15,"column":30}}]},"9":{"type":"branch","line":15,"loc":{"start":{"line":15,"column":24},"end":{"line":15,"column":77}},"locations":[{"start":{"line":15,"column":24},"end":{"line":15,"column":77}}]},"10":{"type":"branch","line":18,"loc":{"start":{"line":18,"column":7},"end":{"line":42,"column":1}},"locations":[{"start":{"line":18,"column":7},"end":{"line":42,"column":1}}]},"11":{"type":"branch","line":32,"loc":{"start":{"line":32,"column":22},"end":{"line":32,"column":62}},"locations":[{"start":{"line":32,"column":22},"end":{"line":32,"column":62}}]},"12":{"type":"branch","line":32,"loc":{"start":{"line":32,"column":60},"end":{"line":42,"column":1}},"locations":[{"start":{"line":32,"column":60},"end":{"line":42,"column":1}}]},"13":{"type":"branch","line":44,"loc":{"start":{"line":44,"column":7},"end":{"line":69,"column":1}},"locations":[{"start":{"line":44,"column":7},"end":{"line":69,"column":1}}]},"14":{"type":"branch","line":58,"loc":{"start":{"line":58,"column":22},"end":{"line":58,"column":62}},"locations":[{"start":{"line":58,"column":22},"end":{"line":58,"column":62}}]},"15":{"type":"branch","line":58,"loc":{"start":{"line":58,"column":60},"end":{"line":59,"column":33}},"locations":[{"start":{"line":58,"column":60},"end":{"line":59,"column":33}}]},"16":{"type":"branch","line":59,"loc":{"start":{"line":59,"column":26},"end":{"line":59,"column":70}},"locations":[{"start":{"line":59,"column":26},"end":{"line":59,"column":70}}]},"17":{"type":"branch","line":59,"loc":{"start":{"line":59,"column":68},"end":{"line":69,"column":1}},"locations":[{"start":{"line":59,"column":68},"end":{"line":69,"column":1}}]},"18":{"type":"branch","line":71,"loc":{"start":{"line":71,"column":7},"end":{"line":83,"column":1}},"locations":[{"start":{"line":71,"column":7},"end":{"line":83,"column":1}}]},"19":{"type":"branch","line":80,"loc":{"start":{"line":80,"column":18},"end":{"line":81,"column":101}},"locations":[{"start":{"line":80,"column":18},"end":{"line":81,"column":101}}]},"20":{"type":"branch","line":81,"loc":{"start":{"line":81,"column":100},"end":{"line":82,"column":101}},"locations":[{"start":{"line":81,"column":100},"end":{"line":82,"column":101}}]},"21":{"type":"branch","line":85,"loc":{"start":{"line":85,"column":7},"end":{"line":144,"column":1}},"locations":[{"start":{"line":85,"column":7},"end":{"line":144,"column":1}}]},"22":{"type":"branch","line":99,"loc":{"start":{"line":99,"column":33},"end":{"line":114,"column":3}},"locations":[{"start":{"line":99,"column":33},"end":{"line":114,"column":3}}]},"23":{"type":"branch","line":125,"loc":{"start":{"line":125,"column":23},"end":{"line":134,"column":3}},"locations":[{"start":{"line":125,"column":23},"end":{"line":134,"column":3}}]},"24":{"type":"branch","line":134,"loc":{"start":{"line":134,"column":2},"end":{"line":144,"column":1}},"locations":[{"start":{"line":134,"column":2},"end":{"line":144,"column":1}}]},"25":{"type":"branch","line":146,"loc":{"start":{"line":146,"column":7},"end":{"line":148,"column":1}},"locations":[{"start":{"line":146,"column":7},"end":{"line":148,"column":1}}]},"26":{"type":"branch","line":147,"loc":{"start":{"line":147,"column":18},"end":{"line":147,"column":62}},"locations":[{"start":{"line":147,"column":18},"end":{"line":147,"column":62}}]},"27":{"type":"branch","line":147,"loc":{"start":{"line":147,"column":58},"end":{"line":147,"column":95}},"locations":[{"start":{"line":147,"column":58},"end":{"line":147,"column":95}}]},"28":{"type":"branch","line":150,"loc":{"start":{"line":150,"column":7},"end":{"line":162,"column":1}},"locations":[{"start":{"line":150,"column":7},"end":{"line":162,"column":1}}]},"29":{"type":"branch","line":160,"loc":{"start":{"line":160,"column":26},"end":{"line":160,"column":57}},"locations":[{"start":{"line":160,"column":26},"end":{"line":160,"column":57}}]},"30":{"type":"branch","line":160,"loc":{"start":{"line":160,"column":47},"end":{"line":160,"column":77}},"locations":[{"start":{"line":160,"column":47},"end":{"line":160,"column":77}}]}},"b":{"0":[595],"1":[1],"2":[594],"3":[1],"4":[593],"5":[1],"6":[592],"7":[1],"8":[591],"9":[1],"10":[426],"11":[7],"12":[414],"13":[169],"14":[3],"15":[166],"16":[0],"17":[166],"18":[77],"19":[42],"20":[35],"21":[50],"22":[0],"23":[26],"24":[24],"25":[10575],"26":[5649],"27":[4926],"28":[10572],"29":[5647],"30":[4925]},"fnMap":{"0":{"name":"validateInputs","decl":{"start":{"line":4,"column":0},"end":{"line":16,"column":1}},"loc":{"start":{"line":4,"column":0},"end":{"line":16,"column":1}},"line":4},"1":{"name":"blackScholesCall","decl":{"start":{"line":18,"column":7},"end":{"line":42,"column":1}},"loc":{"start":{"line":18,"column":7},"end":{"line":42,"column":1}},"line":18},"2":{"name":"blackScholesPut","decl":{"start":{"line":44,"column":7},"end":{"line":69,"column":1}},"loc":{"start":{"line":44,"column":7},"end":{"line":69,"column":1}},"line":44},"3":{"name":"optionPrice","decl":{"start":{"line":71,"column":7},"end":{"line":83,"column":1}},"loc":{"start":{"line":71,"column":7},"end":{"line":83,"column":1}},"line":71},"4":{"name":"calculateGreeks","decl":{"start":{"line":85,"column":7},"end":{"line":144,"column":1}},"loc":{"start":{"line":85,"column":7},"end":{"line":144,"column":1}},"line":85},"5":{"name":"intrinsicValue","decl":{"start":{"line":146,"column":7},"end":{"line":148,"column":1}},"loc":{"start":{"line":146,"column":7},"end":{"line":148,"column":1}},"line":146},"6":{"name":"pnlAtExpiration","decl":{"start":{"line":150,"column":7},"end":{"line":162,"column":1}},"loc":{"start":{"line":150,"column":7},"end":{"line":162,"column":1}},"line":150}},"f":{"0":595,"1":426,"2":169,"3":77,"4":50,"5":10575,"6":10572}}
,"/workspace/packages/options-core/src/math/curve.ts": {"path":"/workspace/packages/options-core/src/math/curve.ts","all":false,"statementMap":{"1":{"start":{"line":2,"column":0},"end":{"line":2,"column":83}},"3":{"start":{"line":4,"column":0},"end":{"line":4,"column":32}},"16":{"start":{"line":17,"column":0},"end":{"line":17,"column":35}},"17":{"start":{"line":18,"column":0},"end":{"line":18,"column":21}},"18":{"start":{"line":19,"column":0},"end":{"line":19,"column":20}},"19":{"start":{"line":20,"column":0},"end":{"line":20,"column":23}},"20":{"start":{"line":21,"column":0},"end":{"line":21,"column":33}},"21":{"start":{"line":22,"column":0},"end":{"line":22,"column":45}},"22":{"start":{"line":23,"column":0},"end":{"line":23,"column":43}},"23":{"start":{"line":24,"column":0},"end":{"line":24,"column":43}},"24":{"start":{"line":25,"column":0},"end":{"line":25,"column":65}},"25":{"start":{"line":26,"column":0},"end":{"line":26,"column":69}},"26":{"start":{"line":27,"column":0},"end":{"line":27,"column":10}},"27":{"start":{"line":28,"column":0},"end":{"line":28,"column":45}},"28":{"start":{"line":29,"column":0},"end":{"line":29,"column":29}},"29":{"start":{"line":30,"column":0},"end":{"line":30,"column":4}},"30":{"start":{"line":31,"column":0},"end":{"line":31,"column":1}},"32":{"start":{"line":33,"column":0},"end":{"line":33,"column":30}},"33":{"start":{"line":34,"column":0},"end":{"line":34,"column":43}},"34":{"start":{"line":35,"column":0},"end":{"line":35,"column":19}},"35":{"start":{"line":36,"column":0},"end":{"line":36,"column":19}},"36":{"start":{"line":37,"column":0},"end":{"line":37,"column":15}},"37":{"start":{"line":38,"column":0},"end":{"line":38,"column":15}},"38":{"start":{"line":39,"column":0},"end":{"line":39,"column":52}},"39":{"start":{"line":40,"column":0},"end":{"line":40,"column":31}},"41":{"start":{"line":42,"column":0},"end":{"line":42,"column":36}},"42":{"start":{"line":43,"column":0},"end":{"line":43,"column":43}},"43":{"start":{"line":44,"column":0},"end":{"line":44,"column":16}},"44":{"start":{"line":45,"column":0},"end":{"line":45,"column":48}},"45":{"start":{"line":46,"column":0},"end":{"line":46,"column":51}},"46":{"start":{"line":47,"column":0},"end":{"line":47,"column":7}},"47":{"start":{"line":48,"column":0},"end":{"line":48,"column":3}},"49":{"start":{"line":50,"column":0},"end":{"line":50,"column":15}},"50":{"start":{"line":51,"column":0},"end":{"line":51,"column":1}},"52":{"start":{"line":53,"column":0},"end":{"line":53,"column":34}},"53":{"start":{"line":54,"column":0},"end":{"line":54,"column":17}},"54":{"start":{"line":55,"column":0},"end":{"line":55,"column":21}},"55":{"start":{"line":56,"column":0},"end":{"line":56,"column":24}},"56":{"start":{"line":57,"column":0},"end":{"line":57,"column":14}},"57":{"start":{"line":58,"column":0},"end":{"line":58,"column":20}},"58":{"start":{"line":59,"column":0},"end":{"line":59,"column":30}},"59":{"start":{"line":60,"column":0},"end":{"line":60,"column":31}},"60":{"start":{"line":61,"column":0},"end":{"line":61,"column":11}},"61":{"start":{"line":62,"column":0},"end":{"line":62,"column":33}},"62":{"start":{"line":63,"column":0},"end":{"line":63,"column":27}},"63":{"start":{"line":64,"column":0},"end":{"line":64,"column":15}},"64":{"start":{"line":65,"column":0},"end":{"line":65,"column":15}},"65":{"start":{"line":66,"column":0},"end":{"line":66,"column":17}},"66":{"start":{"line":67,"column":0},"end":{"line":67,"column":17}},"67":{"start":{"line":68,"column":0},"end":{"line":68,"column":18}},"68":{"start":{"line":69,"column":0},"end":{"line":69,"column":19}},"69":{"start":{"line":70,"column":0},"end":{"line":70,"column":26}},"70":{"start":{"line":71,"column":0},"end":{"line":71,"column":6}},"71":{"start":{"lin
[...]
ocations":[{"start":{"line":101,"column":0},"end":{"line":116,"column":1}}]},"6":{"type":"branch","line":107,"loc":{"start":{"line":107,"column":27},"end":{"line":109,"column":3}},"locations":[{"start":{"line":107,"column":27},"end":{"line":109,"column":3}}]},"7":{"type":"branch","line":109,"loc":{"start":{"line":109,"column":2},"end":{"line":111,"column":27}},"locations":[{"start":{"line":109,"column":2},"end":{"line":111,"column":27}}]},"8":{"type":"branch","line":111,"loc":{"start":{"line":111,"column":27},"end":{"line":113,"column":3}},"locations":[{"start":{"line":111,"column":27},"end":{"line":113,"column":3}}]},"9":{"type":"branch","line":113,"loc":{"start":{"line":113,"column":2},"end":{"line":116,"column":1}},"locations":[{"start":{"line":113,"column":2},"end":{"line":116,"column":1}}]},"10":{"type":"branch","line":118,"loc":{"start":{"line":118,"column":0},"end":{"line":182,"column":1}},"locations":[{"start":{"line":118,"column":0},"end":{"line":182,"column":1}}]},"11":{"type":"branch","line":131,"loc":{"start":{"line":131,"column":40},"end":{"line":132,"column":23}},"locations":[{"start":{"line":131,"column":40},"end":{"line":132,"column":23}}]},"12":{"type":"branch","line":132,"loc":{"start":{"line":132,"column":14},"end":{"line":132,"column":23}},"locations":[{"start":{"line":132,"column":14},"end":{"line":132,"column":23}}]},"13":{"type":"branch","line":132,"loc":{"start":{"line":132,"column":20},"end":{"line":141,"column":8}},"locations":[{"start":{"line":132,"column":20},"end":{"line":141,"column":8}}]},"14":{"type":"branch","line":168,"loc":{"start":{"line":168,"column":59},"end":{"line":168,"column":72}},"locations":[{"start":{"line":168,"column":59},"end":{"line":168,"column":72}}]},"15":{"type":"branch","line":168,"loc":{"start":{"line":168,"column":68},"end":{"line":168,"column":76}},"locations":[{"start":{"line":168,"column":68},"end":{"line":168,"column":76}}]},"16":{"type":"branch","line":175,"loc":{"start":{"line":175,"column":34},"end":{"line":175,"column":54}},"locations":[{"start":{"line":175,"column":34},"end":{"line":175,"column":54}}]},"17":{"type":"branch","line":175,"loc":{"start":{"line":175,"column":44},"end":{"line":175,"column":63}},"locations":[{"start":{"line":175,"column":44},"end":{"line":175,"column":63}}]},"18":{"type":"branch","line":145,"loc":{"start":{"line":145,"column":4},"end":{"line":154,"column":8}},"locations":[{"start":{"line":145,"column":4},"end":{"line":154,"column":8}}]},"19":{"type":"branch","line":184,"loc":{"start":{"line":184,"column":0},"end":{"line":192,"column":1}},"locations":[{"start":{"line":184,"column":0},"end":{"line":192,"column":1}}]},"20":{"type":"branch","line":194,"loc":{"start":{"line":194,"column":0},"end":{"line":282,"column":1}},"locations":[{"start":{"line":194,"column":0},"end":{"line":282,"column":1}}]},"21":{"type":"branch","line":200,"loc":{"start":{"line":200,"column":31},"end":{"line":201,"column":37}},"locations":[{"start":{"line":200,"column":31},"end":{"line":201,"column":37}}]},"22":{"type":"branch","line":201,"loc":{"start":{"line":201,"column":16},"end":{"line":201,"column":37}},"locations":[{"start":{"line":201,"column":16},"end":{"line":201,"column":37}}]},"23":{"type":"branch","line":201,"loc":{"start":{"line":201,"column":35},"end":{"line":210,"column":10}},"locations":[{"start":{"line":201,"column":35},"end":{"line":210,"column":10}}]},"24":{"type":"branch","line":207,"loc":{"start":{"line":207,"column":34},"end":{"line":207,"column":43}},"locations":[{"start":{"line":207,"column":34},"end":{"line":207,"column":43}}]},"25":{"type":"branch","line":213,"loc":{"start":{"line":213,"column":31},"end":{"line":214,"column":38}},"locations":[{"start":{"line":213,"column":31},"end":{"line":214,"column":38}}]},"26":{"type":"branch","line":214,"loc":{"start":{"line":214,"column":16},"end":{"line":214,"column":38}},"locations":[{"start":{"line":214,"column":16},"end":{"line":214,"column":38}}]},"27":{"type":"branch","line":214,"loc":{"start":{"line":214,"column":36},"end":{"line":223,"column":10}},"locations":[{"start":{"line":214,"column":36},"end":{"line":223,"column":10}}]},"28":{"type":"branch","line":220,"loc":{"start":{"line":220,"column":35},"end":{"line":220,"column":44}},"locations":[{"start":{"line":220,"column":35},"end":{"line":220,"column":44}}]},"29":{"type":"branch","line":228,"loc":{"start":{"line":228,"column":21},"end":{"line":228,"column":40}},"locations":[{"start":{"line":228,"column":21},"end":{"line":228,"column":40}}]},"30":{"type":"branch","line":228,"loc":{"start":{"line":228,"column":32},"end":{"line":228,"column":47}},"locations":[{"start":{"line":228,"column":32},"end":{"line":228,"column":47}}]},"31":{"type":"branch","line":245,"loc":{"start":{"line":245,"column":20},"end":{"line":245,"column":29}},"locations":[{"start":{"line":245,"column":20},"end":{"line":245,"column":29}}]},"32":{"type":"branch","line":255,"loc":{"start":{"line":255,"column":20},"end":{"line":256,"column":35}},"locations":[{"start":{"line":255,"column":20},"end":{"line":256,"column":35}}]},"33":{"type":"branch","line":256,"loc":{"start":{"line":256,"column":27},"end":{"line":257,"column":46}},"locations":[{"start":{"line":256,"column":27},"end":{"line":257,"column":46}}]},"34":{"type":"branch","line":258,"loc":{"start":{"line":258,"column":18},"end":{"line":259,"column":45}},"locations":[{"start":{"line":258,"column":18},"end":{"line":259,"column":45}}]},"35":{"type":"branch","line":259,"loc":{"start":{"line":259,"column":37},"end":{"line":260,"column":36}},"locations":[{"start":{"line":259,"column":37},"end":{"line":260,"column":36}}]},"36":{"type":"branch","line":247,"loc":{"start":{"line":247,"column":30},"end":{"line":252,"column":5}},"locations":[{"start":{"line":247,"column":30},"end":{"line":252,"column":5}}]},"37":{"type":"branch","line":284,"loc":{"start":{"line":284,"column":7},"end":{"line":286,"column":1}},"locations":[{"start":{"line":284,"column":7},"end":{"line":286,"column":1}}]},"38":{"type":"branch","line":288,"loc":{"start":{"line":288,"column":7},"end":{"line":290,"column":1}},"locations":[{"start":{"line":288,"column":7},"end":{"line":290,"column":1}}]},"39":{"type":"branch","line":292,"loc":{"start":{"line":292,"column":7},"end":{"line":294,"column":1}},"locations":[{"start":{"line":292,"column":7},"end":{"line":294,"column":1}}]},"40":{"type":"branch","line":296,"loc":{"start":{"line":296,"column":7},"end":{"line":298,"column":1}},"locations":[{"start":{"line":296,"column":7},"end":{"line":298,"column":1}}]},"41":{"type":"branch","line":300,"loc":{"start":{"line":300,"column":7},"end":{"line":306,"column":1}},"locations":[{"start":{"line":300,"column":7},"end":{"line":306,"column":1}}]},"42":{"type":"branch","line":308,"loc":{"start":{"line":308,"column":7},"end":{"line":310,"column":1}},"locations":[{"start":{"line":308,"column":7},"end":{"line":310,"column":1}}]},"43":{"type":"branch","line":312,"loc":{"start":{"line":312,"column":7},"end":{"line":314,"column":1}},"locations":[{"start":{"line":312,"column":7},"end":{"line":314,"column":1}}]},"44":{"type":"branch","line":316,"loc":{"start":{"line":316,"column":7},"end":{"line":318,"column":1}},"locations":[{"start":{"line":316,"column":7},"end":{"line":318,"column":1}}]},"45":{"type":"branch","line":320,"loc":{"start":{"line":320,"column":7},"end":{"line":369,"column":1}},"locations":[{"start":{"line":320,"column":7},"end":{"line":369,"column":1}}]},"46":{"type":"branch","line":321,"loc":{"start":{"line":321,"column":20},"end":{"line":321,"column":29}},"locations":[{"start":{"line":321,"column":20},"end":{"line":321,"column":29}}]},"47":{"type":"branch","line":341,"loc":{"start":{"line":341,"column":31},"end":{"line":342,"column":60}},"locations":[{"start":{"line":341,"column":31},"end":{"line":342,"column":60}}]},"48":{"type":"branch","line":345,"loc":{"start":{"line":345,"column":39},"end":{"line":345,"column":57}},"locations":[{"start":{"line":345,"column":39},"end":{"line":345,"column":57}}]},"49":{"type":"branch","line":345,"loc":{"start":{"line":345,"column":48},"end":{"line":345,"column":65}},"locations":[{"start":{"line":345,"column":48},"end":{"line":345,"column":65}}]},"50":{"type":"branch","line":364,"loc":{"start":{"line":364,"column":27},"end":{"line":364,"column":50}},"locations":[{"start":{"line":364,"column":27},"end":{"line":364,"column":50}}]},"51":{"type":"branch","line":364,"loc":{"start":{"line":364,"column":37},"end":{"line":364,"column":62}},"locations":[{"start":{"line":364,"column":37},"end":{"line":364,"column":62}}]},"52":{"type":"branch","line":350,"loc":{"start":{"line":350,"column":30},"end":{"line":355,"column":5}},"locations":[{"start":{"line":350,"column":30},"end":{"line":355,"column":5}}]},"53":{"type":"branch","line":371,"loc":{"start":{"line":371,"column":7},"end":{"line":420,"column":1}},"locations":[{"start":{"line":371,"column":7},"end":{"line":420,"column":1}}]},"54":{"type":"branch","line":372,"loc":{"start":{"line":372,"column":20},"end":{"line":372,"column":29}},"locations":[{"start":{"line":372,"column":20},"end":{"line":372,"column":29}}]},"55":{"type":"branch","line":392,"loc":{"start":{"line":392,"column":31},"end":{"line":393,"column":60}},"locations":[{"start":{"line":392,"column":31},"end":{"line":393,"column":60}}]},"56":{"type":"branch","line":396,"loc":{"start":{"line":396,"column":48},"end":{"line":396,"column":65}},"locations":[{"start":{"line":396,"column":48},"end":{"line":396,"column":65}}]},"57":{"type":"branch","line":415,"loc":{"start":{"line":415,"column":27},"end":{"line":415,"column":50}},"locations":[{"start":{"line":415,"column":27},"end":{"line":415,"column":50}}]},"58":{"type":"branch","line":401,"loc":{"start":{"line":401,"column":30},"end":{"line":406,"column":5}},"locations":[{"start":{"line":401,"column":30},"end":{"line":406,"column":5}}]},"59":{"type":"branch","line":422,"loc":{"start":{"line":422,"column":7},"end":{"line":461,"column":1}},"locations":[{"start":{"line":422,"column":7},"end":{"line":461,"column":1}}]},"60":{"type":"branch","line":423,"loc":{"start":{"line":423,"column":20},"end":{"line":423,"column":29}},"locations":[{"start":{"line":423,"column":20},"end":{"line":423,"column":29}}]},"61":{"type":"branch","line":431,"loc":{"start":{"line":431,"column":38},"end":{"line":435,"column":3}},"locations":[{"start":{"line":431,"column":38},"end":{"line":435,"column":3}}]},"62":{"type":"branch","line":437,"loc":{"start":{"line":437,"column":33},"end":{"line":437,"column":106}},"locations":[{"start":{"line":437,"column":33},"end":{"line":437,"column":106}}]},"63":{"type":"branch","line":437,"loc":{"start":{"line":437,"column":67},"end":{"line":437,"column":91}},"locations":[{"start":{"line":437,"column":67},"end":{"line":437,"column":91}}]},"64":{"type":"branch","line":437,"loc":{"start":{"line":437,"column":81},"end":{"line":437,"column":106}},"locations":[{"start":{"line":437,"column":81},"end":{"line":437,"column":106}}]},"65":{"type":"branch","line":438,"loc":{"start":{"line":438,"column":63},"end":{"line":438,"column":78}},"locations":[{"start":{"line":438,"column":63},"end":{"line":438,"column":78}}]},"66":{"type":"branch","line":439,"loc":{"start":{"line":439,"column":30},"end":{"line":445,"column":5}},"locations":[{"start":{"line":439,"column":30},"end":{"line":445,"column":5}}]},"67":{"type":"branch","line":441,"loc":{"start":{"line":441,"column":6},"end":{"line":442,"column":109}},"locations":[{"start":{"line":441,"column":6},"end":{"line":442,"column":109}}]},"68":{"type":"branch","line":463,"loc":{"start":{"line":463,"column":7},"end":{"line":470,"column":1}},"locations":[{"start":{"line":463,"column":7},"end":{"line":470,"column":1}}]},"69":{"type":"branch","line":472,"loc":{"start":{"line":472,"column":7},"end":{"line":521,"column":1}},"locations":[{"start":{"line":472,"column":7},"end":{"line":521,"column":1}}]},"70":{"type":"branch","line":473,"loc":{"start":{"line":473,"column":20},"end":{"line":473,"column":29}},"locations":[{"start":{"line":473,"column":20},"end":{"line":473,"column":29}}]},"71":{"type":"branch","line":475,"loc":{"start":{"line":475,"column":31},"end":{"line":476,"column":55}},"locations":[{"start":{"line":475,"column":31},"end":{"line":476,"column":55}}]},"72":{"type":"branch","line":476,"loc":{"start":{"line":476,"column":16},"end":{"line":476,"column":53}},"locations":[{"start":{"line":476,"column":16},"end":{"line":476,"column":53}}]},"73":{"type":"branch","line":476,"loc":{"start":{"line":476,"column":38},"end":{"line":476,"column":55}},"locations":[{"start":{"line":476,"column":38},"end":{"line":476,"column":55}}]},"74":{"type":"branch","line":476,"loc":{"start":{"line":476,"column":53},"end":{"line":485,"column":10}},"locations":[{"start":{"line":476,"column":53},"end":{"line":485,"column":10}}]},"75":{"type":"branch","line":501,"loc":{"start":{"line":501,"column":30},"end":{"line":506,"column":5}},"locations":[{"start":{"line":501,"column":30},"end":{"line":506,"column":5}}]},"76":{"type":"branch","line":523,"loc":{"start":{"line":523,"column":7},"end":{"line":525,"column":1}},"locations":[{"start":{"line":523,"column":7},"end":{"line":525,"column":1}}]},"77":{"type":"branch","line":527,"loc":{"start":{"line":527,"column":7},"end":{"line":588,"column":1}},"locations":[{"start":{"line":527,"column":7},"end":{"line":588,"column":1}}]},"78":{"type":"branch","line":528,"loc":{"start":{"line":528,"column":41},"end":{"line":528,"column":50}},"locations":[{"start":{"line":528,"column":41},"end":{"line":528,"column":50}}]},"79":{"type":"branch","line":529,"loc":{"start":{"line":529,"column":43},"end":{"line":529,"column":52}},"locations":[{"start":{"line":529,"column":43},"end":{"line":529,"column":52}}]},"80":{"type":"branch","line":531,"loc":{"start":{"line":531,"column":31},"end":{"line":532,"column":34}},"locations":[{"start":{"line":531,"column":31},"end":{"line":532,"column":34}}]},"81":{"type":"branch","line":532,"loc":{"start":{"line":532,"column":16},"end":{"line":532,"column":34}},"locations":[{"start":{"line":532,"column":16},"end":{"line":532,"column":34}}]},"82":{"type":"branch","line":532,"loc":{"start":{"line":532,"column":31},"end":{"line":541,"column":10}},"locations":[{"start":{"line":532,"column":31},"end":{"line":541,"column":10}}]},"83":{"type":"branch","line":543,"loc":{"start":{"line":543,"column":31},"end":{"line":544,"column":34}},"locations":[{"start":{"line":543,"column":31},"end":{"line":544,"column":34}}]},"84":{"type":"branch","line":544,"loc":{"start":{"line":544,"column":16},"end":{"line":544,"column":34}},"locations":[{"start":{"line":544,"column":16},"end":{"line":544,"column":34}}]},"85":{"type":"branch","line":544,"loc":{"start":{"line":544,"column":32},"end":{"line":553,"column":10}},"locations":[{"start":{"line":544,"column":32},"end":{"line":553,"column":10}}]},"86":{"type":"branch","line":571,"loc":{"start":{"line":571,"column":30},"end":{"line":576,"column":5}},"locations":[{"start":{"line":571,"column":30},"end":{"line":576,"column":5}}]},"87":{"type":"branch","line":590,"loc":{"start":{"line":590,"column":7},"end":{"line":618,"column":1}},"locations":[{"start":{"line":590,"column":7},"end":{"line":618,"column":1}}]}},"b":{"0":[15],"1":[5],"2":[10],"3":[5],"4":[0],"5":[15],"6":[6],"7":[9],"8":[3],"9":[6],"10":[15],"11":[10],"12":[0],"13":[5],"14":[6],"15":[9],"16":[9],"17":[6],"18":[1800],"19":[15],"20":[12],"21":[4],"22":[0],"23":[8],"24":[0],"25":[4],"26":[0],"27":[8],"28":[0],"29":[6],"30":[6],"31":[0],"32":[6],"33":[6],"34":[6],"35":[6],"36":[1440],"37":[3],"38":[3],"39":[3],"40":[3],"41":[3],"42":[3],"43":[3],"44":[3],"45":[5],"46":[0],"47":[0],"48":[4],"49":[1],"50":[1],"51":[4],"52":[600],"53":[3],"54":[0],"55":[0],"56":[0],"57":[0],"58":[360],"59":[6],"60":[0],"61":[0],"62":[24],"63":[12],"64":[12],"65":[24],"66":[720],"67":[2880],"68":[3],"69":[3],"70":[0],"71":[1],"72":[0],"73":[0],"74":[2],"75":[360],"76":[3],"77":[3],"78":[0],"79":[0],"80":[1],"81":[0],"82":[2],"83":[1],"84":[0],"85":[2],"86":[360],"87":[3]},"fnMap":{"0":{"name":"resolvePremium","decl":{"start":{"line":81,"column":0},"end":{"line":99,"column":1}},"loc":{"start":{"line":81,"column":0},"end":{"line":99,"column":1}},"line":81},"1":{"name":"singleLegMetrics","decl":{"start":{"line":101,"column":0},"end":{"line":116,"column":1}},"loc":{"start":{"line":101,"column":0},"end":{"line":116,"column":1}},"line":101},"2":{"name":"buildSingleLegResult","decl":{"start":{"line":118,"column":0},"end":{"line":182,"column":1}},"loc":{"start":{"line":118,"column":0},"end":{"line":182,"column":1}},"line":118},"3":{"name":"scaleGreeks","decl":{"start":{"line":184,"column":0},"end":{"line":192,"column":1}},"loc":{"start":{"line":184,"column":0},"end":{"line":192,"column":1}},"line":184},"4":{"name":"buildVerticalSpread","decl":{"start":{"line":194,"column":0},"end":{"line":282,"column":1}},"loc":{"start":{"line":194,"column":0},"end":{"line":282,"column":1}},"line":194},"5":{"name":"longCall","decl":{"start":{"line":284,"column":7},"end":{"line":286,"column":1}},"loc":{"start":{"line":284,"column":7},"end":{"line":286,"column":1}},"line":284},"6":{"name":"longPut","decl":{"start":{"line":288,"column":7},"end":{"line":290,"column":1}},"loc":{"start":{"line":288,"column":7},"end":{"line":290,"column":1}},"line":288},"7":{"name":"shortCall","decl":{"start":{"line":292,"column":7},"end":{"line":294,"column":1}},"loc":{"start":{"line":292,"column":7},"end":{"line":294,"column":1}},"line":292},"8":{"name":"shortPut","decl":{"start":{"line":296,"column":7},"end":{"line":298,"column":1}},"loc":{"start":{"line":296,"column":7},"end":{"line":298,"column":1}},"line":296},"9":{"name":"bullCallSpread","decl":{"start":{"line":300,"column":7},"end":{"line":306,"column":1}},"loc":{"start":{"line":300,"column":7},"end":{"line":306,"column":1}},"line":300},"10":{"name":"bearCallSpread","decl":{"start":{"line":308,"column":7},"end":{"line":310,"column":1}},"loc":{"start":{"line":308,"column":7},"end":{"line":310,"column":1}},"line":308},"11":{"name":"bullPutSpread","decl":{"start":{"line":312,"column":7},"end":{"line":314,"column":1}},"loc":{"start":{"line":312,"column":7},"end":{"line":314,"column":1}},"line":312},"12":{"name":"bearPutSpread","decl":{"start":{"line":316,"column":7},"end":{"line":318,"column":1}},"loc":{"start":{"line":316,"column":7},"end":{"line":318,"column":1}},"line":316},"13":{"name":"straddle","decl":{"start":{"line":320,"column":7},"end":{"line":369,"column":1}},"loc":{"start":{"line":320,"column":7},"end":{"line":369,"column":1}},"line":320},"14":{"name":"strangle","decl":{"start":{"line":371,"column":7},"end":{"line":420,"column":1}},"loc":{"start":{"line":371,"column":7},"end":{"line":420,"column":1}},"line":371},"15":{"name":"ironCondor","decl":{"start":{"line":422,"column":7},"end":{"line":461,"column":1}},"loc":{"start":{"line":422,"column":7},"end":{"line":461,"column":1}},"line":422},"16":{"name":"ironButterfly","decl":{"start":{"line":463,"column":7},"end":{"line":470,"column":1}},"loc":{"start":{"line":463,"column":7},"end":{"line":470,"column":1}},"line":463},"17":{"name":"coveredCall","decl":{"start":{"line":472,"column":7},"end":{"line":521,"column":1}},"loc":{"start":{"line":472,"column":7},"end":{"line":521,"column":1}},"line":472},"18":{"name":"cashSecuredPut","decl":{"start":{"line":523,"column":7},"end":{"line":525,"column":1}},"loc":{"start":{"line":523,"column":7},"end":{"line":525,"column":1}},"line":523},"19":{"name":"poorMansCoveredCall","decl":{"start":{"line":527,"column":7},"end":{"line":588,"column":1}},"loc":{"start":{"line":527,"column":7},"end":{"line":588,"column":1}},"line":527},"20":{"name":"optionsPricing","decl":{"start":{"line":590,"column":7},"end":{"line":618,"column":1}},"loc":{"start":{"line":590,"column":7},"end":{"line":618,"column":1}},"line":590}},"f":{"0":15,"1":15,"2":15,"3":15,"4":12,"5":3,"6":3,"7":3,"8":3,"9":3,"10":3,"11":3,"12":3,"13":5,"14":3,"15":6,"16":3,"17":3,"18":3,"19":3,"20":3}}
}
